Build started 4/10/2015 9:39:29 AM.
     1>Project "B:\Game\Project1\libs\Box2D_v2.3.0\Box2D\Build\vs2012\Box2D.vcxproj" on node 2 (Build target(s)).
     1>Building with tools version "4.0".
     1>Target "_CheckForInvalidConfigurationAndPlatform" in file "C:\Windows\Microsoft.NET\Framework\v4.0.30319\Microsoft.Common.Targets" from project "B:\Game\Project1\libs\Box2D_v2.3.0\Box2D\Build\vs2012\Box2D.vcxproj" (entry point):
       Task "Error" skipped, due to false condition; ( '$(_InvalidConfigurationError)' == 'true' ) was evaluated as ( '' == 'true' ).
       Task "Warning" skipped, due to false condition; ( '$(_InvalidConfigurationWarning)' == 'true' ) was evaluated as ( '' == 'true' ).
       Using "Message" task from assembly "Microsoft.Build.Tasks.v4.0, Version=4.0.0.0, Culture=neutral, PublicKeyToken=b03f5f7f11d50a3a".
       Task "Message"
         Configuration=Debug
       Done executing task "Message".
       Task "Message"
         Platform=Win32
       Done executing task "Message".
       Task "Error" skipped, due to false condition; ('$(OutDir)' != '' and !HasTrailingSlash('$(OutDir)')) was evaluated as ('bin\Debug\' != '' and !HasTrailingSlash('bin\Debug\')).
       Task "Error" skipped, due to false condition; ('$(BaseIntermediateOutputPath)' != '' and !HasTrailingSlash('$(BaseIntermediateOutputPath)')) was evaluated as ('obj\' != '' and !HasTrailingSlash('obj\')).
       Task "Error" skipped, due to false condition; ('$(IntermediateOutputPath)' != '' and !HasTrailingSlash('$(IntermediateOutputPath)')) was evaluated as ('obj\x32\Debug\Box2D\' != '' and !HasTrailingSlash('obj\x32\Debug\Box2D\')).
     1>Done building target "_CheckForInvalidConfigurationAndPlatform" in project "Box2D.vcxproj".
     1>Target "_PrepareForBuild" in file "C:\Program Files (x86)\MSBuild\Microsoft.Cpp\v4.0\V110\Microsoft.BuildSteps.Targets" from project "B:\Game\Project1\libs\Box2D_v2.3.0\Box2D\Build\vs2012\Box2D.vcxproj" (target "Build" depends on it):
       Task "CreateItem" skipped, due to false condition; ('%(CustomBuild.IncludeFileToTool)'!='') was evaluated as (''!='').
     1>Done building target "_PrepareForBuild" in project "Box2D.vcxproj".
     1>Target "_PrepareForReferenceResolution" in file "C:\Program Files (x86)\MSBuild\Microsoft.Cpp\v4.0\V110\Microsoft.CppBuild.targets" from project "B:\Game\Project1\libs\Box2D_v2.3.0\Box2D\Build\vs2012\Box2D.vcxproj" (target "ResolveReferences" depends on it):
       Task "Message" skipped, due to false condition; ('$(_REFERENCE_DEBUG)'=='true') was evaluated as (''=='true').
     1>Done building target "_PrepareForReferenceResolution" in project "Box2D.vcxproj".
       Target "ComputeCrtSDKReference" skipped, due to false condition; ('@(ClCompile)'!='' and '$(WindowsAppContainer)'=='true' and '$(UseCrtSDKReference)' != 'false') was evaluated as ('..\..\Box2D\Collision\b2BroadPhase.cpp;..\..\Box2D\Collision\b2CollideCircle.cpp;..\..\Box2D\Collision\b2CollideEdge.cpp;..\..\Box2D\Collision\b2CollidePolygon.cpp;..\..\Box2D\Collision\b2Collision.cpp;..\..\Box2D\Collision\b2Distance.cpp;..\..\Box2D\Collision\b2DynamicTree.cpp;..\..\Box2D\Collision\b2TimeOfImpact.cpp;..\..\Box2D\Collision\Shapes\b2ChainShape.cpp;..\..\Box2D\Collision\Shapes\b2CircleShape.cpp;..\..\Box2D\Collision\Shapes\b2EdgeShape.cpp;..\..\Box2D\Collision\Shapes\b2PolygonShape.cpp;..\..\Box2D\Common\b2BlockAllocator.cpp;..\..\Box2D\Common\b2Draw.cpp;..\..\Box2D\Common\b2Math.cpp;..\..\Box2D\Common\b2Settings.cpp;..\..\Box2D\Common\b2StackAllocator.cpp;..\..\Box2D\Common\b2Timer.cpp;..\..\Box2D\Dynamics\b2Body.cpp;..\..\Box2D\Dynamics\b2ContactManager.cpp;..\..\Box2D\Dynamics\b2Fixture.cpp;..\..\Box2D\Dynamics\b2Island.cpp;..\..\Box2D\Dynamics\b2World.cpp;..\..\Box2D\Dynamics\b2WorldCallbacks.cpp;..\..\Box2D\Dynamics\Contacts\b2ChainAndCircleContact.cpp;..\..\Box2D\Dynamics\Contacts\b2ChainAndPolygonContact.cpp;..\..\Box2D\Dynamics\Contacts\b2CircleContact.cpp;..\..\Box2D\Dynamics\Contacts\b2Contact.cpp;..\..\Box2D\Dynamics\Contacts\b2ContactSolver.cpp;..\..\Box2D\Dynamics\Contacts\b2EdgeAndCircleContact.cpp;..\..\Box2D\Dynamics\Contacts\b2EdgeAndPolygonContact.cpp;..\..\Box2D\Dynamics\Contacts\b2PolygonAndCircleContact.cpp;..\..\Box2D\Dynamics\Contacts\b2PolygonContact.cpp;..\..\Box2D\Dynamics\Joints\b2DistanceJoint.cpp;..\..\Box2D\Dynamics\Joints\b2FrictionJoint.cpp;..\..\Box2D\Dynamics\Joints\b2GearJoint.cpp;..\..\Box2D\Dynamics\Joints\b2Joint.cpp;..\..\Box2D\Dynamics\Joints\b2MotorJoint.cpp;..\..\Box2D\Dynamics\Joints\b2MouseJoint.cpp;..\..\Box2D\Dynamics\Joints\b2PrismaticJoint.cpp;..\..\Box2D\Dynamics\Joints\b2PulleyJoint.cpp;..\..\Box2D\Dynamics\Joints\b2RevoluteJoint.cpp;..\..\Box2D\Dynamics\Joints\b2RopeJoint.cpp;..\..\Box2D\Dynamics\Joints\b2WeldJoint.cpp;..\..\Box2D\Dynamics\Joints\b2WheelJoint.cpp'!='' and 'false'=='true' and '' != 'false').
     1>Target "BeforeResolveReferences" in file "C:\Windows\Microsoft.NET\Framework\v4.0.30319\Microsoft.Common.Targets" from project "B:\Game\Project1\libs\Box2D_v2.3.0\Box2D\Build\vs2012\Box2D.vcxproj" (target "ResolveReferences" depends on it):
     1>Done building target "BeforeResolveReferences" in project "Box2D.vcxproj".
     1>Target "AssignProjectConfiguration" in file "C:\Windows\Microsoft.NET\Framework\v4.0.30319\Microsoft.Common.Targets" from project "B:\Game\Project1\libs\Box2D_v2.3.0\Box2D\Build\vs2012\Box2D.vcxproj" (target "ResolveReferences" depends on it):
       Using "AssignProjectConfiguration" task from assembly "Microsoft.Build.Tasks.v4.0, Version=4.0.0.0, Culture=neutral, PublicKeyToken=b03f5f7f11d50a3a".
       Task "AssignProjectConfiguration"
       Done executing task "AssignProjectConfiguration".
     1>Done building target "AssignProjectConfiguration" in project "Box2D.vcxproj".
       Target "AssignProjectConfiguration" skipped. Previously built successfully.
     1>Target "_SplitProjectReferencesByFileExistence" in file "C:\Windows\Microsoft.NET\Framework\v4.0.30319\Microsoft.Common.Targets" from project "B:\Game\Project1\libs\Box2D_v2.3.0\Box2D\Build\vs2012\Box2D.vcxproj" (target "ResolveProjectReferences" depends on it):
       Task "ResolveNonMSBuildProjectOutput" skipped, due to false condition; ('$(BuildingInsideVisualStudio)'=='true' and '@(ProjectReferenceWithConfiguration)'!='') was evaluated as ('true'=='true' and ''!='').
     1>Done building target "_SplitProjectReferencesByFileExistence" in project "Box2D.vcxproj".
       Target "_RemoveNameMetadataFromProjectReferenceItems" skipped, due to false condition; ('@(ProjectReference)'!='') was evaluated as (''!='').
     1>Target "ResolveProjectReferences" in file "C:\Windows\Microsoft.NET\Framework\v4.0.30319\Microsoft.Common.Targets" from project "B:\Game\Project1\libs\Box2D_v2.3.0\Box2D\Build\vs2012\Box2D.vcxproj" (target "ResolveReferences" depends on it):
       Task "MSBuild" skipped, due to false condition; ('%(_MSBuildProjectReferenceExistent.BuildReference)' == 'true' and '@(ProjectReferenceWithConfiguration)' != '' and ('$(BuildingInsideVisualStudio)' == 'true' or '$(BuildProjectReferences)' != 'true') and '$(VisualStudioVersion)' != '10.0' and '@(_MSBuildProjectReferenceExistent)' != '') was evaluated as ('' == 'true' and '' != '' and ('true' == 'true' or 'true' != 'true') and '11.0' != '10.0' and '' != '').
       Task "MSBuild" skipped, due to false condition; ('%(_MSBuildProjectReferenceExistent.BuildReference)' == 'true' and '@(ProjectReferenceWithConfiguration)' != '' and ('$(BuildingInsideVisualStudio)' == 'true' or '$(BuildProjectReferences)' != 'true') and '$(VisualStudioVersion)' == '10.0' and '@(_MSBuildProjectReferenceExistent)' != '') was evaluated as ('' == 'true' and '' != '' and ('true' == 'true' or 'true' != 'true') and '11.0' == '10.0' and '' != '').
       Task "MSBuild" skipped, due to false condition; ('%(_MSBuildProjectReferenceExistent.BuildReference)' == 'true' and '@(ProjectReferenceWithConfiguration)' != '' and '$(BuildingInsideVisualStudio)' != 'true' and '$(BuildProjectReferences)' == 'true' and '@(_MSBuildProjectReferenceExistent)' != '') was evaluated as ('' == 'true' and '' != '' and 'true' != 'true' and 'true' == 'true' and '' != '').
       Task "MSBuild" skipped, due to false condition; ('%(_MSBuildProjectReferenceExistent.BuildReference)' == 'true' and '@(ProjectReferenceWithConfiguration)' != '' and '$(BuildingProject)' == 'true' and '@(_MSBuildProjectReferenceExistent)' != '') was evaluated as ('' == 'true' and '' != '' and 'true' == 'true' and '' != '').
       Task "Warning" skipped, due to false condition; ('@(ProjectReferenceWithConfiguration)' != '' and '@(_MSBuildProjectReferenceNonexistent)' != '') was evaluated as ('' != '' and '' != '').
     1>Done building target "ResolveProjectReferences" in project "Box2D.vcxproj".
       Target "ResolveNativeReferences" skipped, due to false condition; ('@(NativeReference)'!='') was evaluated as (''!='').
       Target "_PrepareForReferenceResolution" skipped. Previously built successfully.
     1>Target "GetFrameworkPaths" in file "C:\Windows\Microsoft.NET\Framework\v4.0.30319\Microsoft.NETFramework.targets" from project "B:\Game\Project1\libs\Box2D_v2.3.0\Box2D\Build\vs2012\Box2D.vcxproj" (target "ResolveAssemblyReferences" depends on it):
     1>Done building target "GetFrameworkPaths" in project "Box2D.vcxproj".
       Target "GetWinFXPath" skipped, due to false condition; (('@(Page)' != '' or '@(ApplicationDefinition)' != '' or '@(Resource)' != '') and ('$(GetWinFXNativePath)' != '' or '$(GetWinFXWoWPath)' != '' )) was evaluated as (('' != '' or '' != '' or '' != '') and ('' != '' or '' != '' )).
     1>Target "GetReferenceAssemblyPaths" in file "C:\Windows\Microsoft.NET\Framework\v4.0.30319\Microsoft.Common.Targets" from project "B:\Game\Project1\libs\Box2D_v2.3.0\Box2D\Build\vs2012\Box2D.vcxproj" (target "ResolveAssemblyReferences" depends on it):
       Task "GetReferenceAssemblyPaths" skipped, due to false condition; ('$(TargetFrameworkMoniker)' != '' and ('$(_TargetFrameworkDirectories)' == '' or '$(_FullFrameworkReferenceAssemblyPaths)' == '')) was evaluated as ('' != '' and ('C:\Program Files (x86)\Reference Assemblies\Microsoft\Framework\.NETFramework\v4.0' == '' or 'C:\Program Files (x86)\Reference Assemblies\Microsoft\Framework\.NETFramework\v4.0' == '')).
     1>Done building target "GetReferenceAssemblyPaths" in project "Box2D.vcxproj".
     1>Target "SetBuildDefaultEnvironmentVariables" in file "C:\Program Files (x86)\MSBuild\Microsoft.Cpp\v4.0\V110\Microsoft.Cpp.targets" from project "B:\Game\Project1\libs\Box2D_v2.3.0\Box2D\Build\vs2012\Box2D.vcxproj" (target "PrepareForBuild" depends on it):
       Using "SetEnv" task from assembly "Microsoft.Build.CppTasks.Common.v110, Version=4.0.0.0, Culture=neutral, PublicKeyToken=b03f5f7f11d50a3a".
       Task "SetEnv"
         PATH=C:\Program Files (x86)\Microsoft Visual Studio 11.0\VC\bin;C:\Program Files (x86)\Windows Kits\8.0\bin\x86;;C:\Program Files (x86)\Microsoft SDKs\Windows\v8.0A\bin\NETFX 4.0 Tools;C:\Program Files (x86)\Microsoft Visual Studio 11.0\Common7\Tools\bin;C:\Program Files (x86)\Microsoft Visual Studio 11.0\Common7\tools;C:\Program Files (x86)\Microsoft Visual Studio 11.0\Common7\ide;C:\Program Files (x86)\HTML Help Workshop;C:\Windows\Microsoft.NET\Framework\v4.0.30319\;C:\Program Files (x86)\Microsoft Visual Studio 11.0\;C:\Windows\SysWow64;;C:\Users\Chris\AppData\Local\Microsoft\WDExpress\11.0\Extensions\5kmagnn4.pit\NativeBinaries/x86;;B:\Java\jdk\bin;F:\CMake\bin;F:\Git\bin;F:\android-sdk-windows\tools;F:\android_ndk_32\android-ndk-r10d;F:\mingw\mingw32\bin;F:\android-sdk-windows\platform-tools;F:\apache-ant-1.9.4\bin;
       Done executing task "SetEnv".
       Task "SetEnv" skipped, due to false condition; ('$(_IsNativeEnvironment)' == 'true') was evaluated as ('' == 'true').
       Task "SetEnv"
         LIB=C:\Program Files (x86)\Microsoft Visual Studio 11.0\VC\lib;C:\Program Files (x86)\Microsoft Visual Studio 11.0\VC\atlmfc\lib;C:\Program Files (x86)\Windows Kits\8.0\lib\win8\um\x86;;
       Done executing task "SetEnv".
       Task "SetEnv"
         LIBPATH=C:\Program Files (x86)\Microsoft Visual Studio 11.0\VC\atlmfc\lib;C:\Program Files (x86)\Microsoft Visual Studio 11.0\VC\lib
       Done executing task "SetEnv".
       Task "SetEnv"
         INCLUDE=C:\Program Files (x86)\Microsoft Visual Studio 11.0\VC\include;C:\Program Files (x86)\Microsoft Visual Studio 11.0\VC\atlmfc\include;C:\Program Files (x86)\Windows Kits\8.0\Include\um;C:\Program Files (x86)\Windows Kits\8.0\Include\shared;C:\Program Files (x86)\Windows Kits\8.0\Include\winrt;;
       Done executing task "SetEnv".
     1>Done building target "SetBuildDefaultEnvironmentVariables" in project "Box2D.vcxproj".
       Target "SetUserMacroEnvironmentVariables" skipped, due to false condition; ('@(BuildMacro)' != '') was evaluated as ('' != '').
     1>Target "GetResolvedWinMD" in file "C:\Program Files (x86)\MSBuild\Microsoft.Cpp\v4.0\V110\Microsoft.CppBuild.targets" from project "B:\Game\Project1\libs\Box2D_v2.3.0\Box2D\Build\vs2012\Box2D.vcxproj" (target "PrepareForBuild" depends on it):
     1>Done building target "GetResolvedWinMD" in project "Box2D.vcxproj".
     1>Target "PlatformPrepareForBuild" in file "C:\Program Files (x86)\MSBuild\Microsoft.Cpp\v4.0\V110\Microsoft.Cpp.Platform.targets" from project "B:\Game\Project1\libs\Box2D_v2.3.0\Box2D\Build\vs2012\Box2D.vcxproj" (target "PrepareForBuild" depends on it):
       Task "VCMessage" skipped, due to false condition; ('$(DesignTimeBuild)'!='true' and '$(ConfigurationPlatformExists)' != 'true') was evaluated as (''!='true' and 'true' != 'true').
       Task "VCMessage" skipped, due to false condition; ('$(DesignTimeBuild)'!='true' and '$(ToolsetTargetsFound)' != 'true' and '$(PlatformToolset)' == 'v100') was evaluated as (''!='true' and 'true' != 'true' and 'v110' == 'v100').
       Task "VCMessage" skipped, due to false condition; ('$(DesignTimeBuild)'!='true' and '$(ToolsetTargetsFound)' != 'true' and '$(PlatformToolset)' == 'v90') was evaluated as (''!='true' and 'true' != 'true' and 'v110' == 'v90').
       Task "VCMessage" skipped, due to false condition; ('$(DesignTimeBuild)'!='true' and '$(ToolsetTargetsFound)' != 'true' and '$(PlatformToolset)' != 'v90' and '$(PlatformToolset)' != 'v100') was evaluated as (''!='true' and 'true' != 'true' and 'v110' != 'v90' and 'v110' != 'v100').
     1>Done building target "PlatformPrepareForBuild" in project "Box2D.vcxproj".
       Target "GetFrameworkPaths" skipped. Previously built successfully.
       Target "GetReferenceAssemblyPaths" skipped. Previously built successfully.
     1>Target "PrepareForBuild" in file "C:\Program Files (x86)\MSBuild\Microsoft.Cpp\v4.0\V110\Microsoft.CppBuild.targets" from project "B:\Game\Project1\libs\Box2D_v2.3.0\Box2D\Build\vs2012\Box2D.vcxproj" (target "ResolveAssemblyReferences" depends on it):
       Task "VCMessage" skipped, due to false condition; ('$(DesignTimeBuild)'!='true' and '$(ConfigurationPlatformExists)' != 'true') was evaluated as (''!='true' and 'true' != 'true').
       Using "MakeDir" task from assembly "Microsoft.Build.Tasks.v4.0, Version=4.0.0.0, Culture=neutral, PublicKeyToken=b03f5f7f11d50a3a".
       Task "MakeDir"
       Done executing task "MakeDir".
       Task "VCMessage" skipped, due to false condition; ('$(DesignTimeBuild)'!='true' and '$(WindowsAppContainer)'=='true' and '$(ConfigurationType)'!='Application' and '$(ConfigurationType)'!='DynamicLibrary' and '$(ConfigurationType)'!='StaticLibrary') was evaluated as (''!='true' and 'false'=='true' and 'StaticLibrary'!='Application' and 'StaticLibrary'!='DynamicLibrary' and 'StaticLibrary'!='StaticLibrary').
       Task "VCMessage" skipped, due to false condition; ('$(DesignTimeBuild)'!='true' and '$(VCInstallDir)'=='' and '$(UseEnv)' != 'true' and ($(TargetFrameworkVersion)=='v3.5' or $(TargetFrameworkVersion)=='v3.0' or $(TargetFrameworkVersion)=='v2.0' )) was evaluated as (''!='true' and 'C:\Program Files (x86)\Microsoft Visual Studio 11.0\VC\'=='' and '' != 'true' and (v4.0=='v3.5' or v4.0=='v3.0' or v4.0=='v2.0' )).
       Task "VCMessage" skipped, due to false condition; ('$(DesignTimeBuild)'!='true' and '$(VCInstallDir)'=='' and '$(UseEnv)' != 'true' and '$(PlatformToolset)'=='v90') was evaluated as (''!='true' and 'C:\Program Files (x86)\Microsoft Visual Studio 11.0\VC\'=='' and '' != 'true' and 'v110'=='v90').
       Task "VCMessage" skipped, due to false condition; ('$(VCInstallDir)'=='' and '$(UseEnv)' != 'true') was evaluated as ('C:\Program Files (x86)\Microsoft Visual Studio 11.0\VC\'=='' and '' != 'true').
       Task "VCMessage" skipped, due to false condition; ('$(WindowsSDKDir)'=='' and '$(UseEnv)' != 'true') was evaluated as ('C:\Program Files (x86)\Windows Kits\8.0\'=='' and '' != 'true').
       Task "VCMessage" skipped, due to false condition; ('$(IntDirTrailingSlashWarning)'=='true') was evaluated as (''=='true').
       Task "VCMessage" skipped, due to false condition; ('$(OutDirTrailingSlashWarning)'=='true') was evaluated as (''=='true').
       Task "VCMessage" skipped, due to false condition; ('%(CompatibilityIssues.Identity)' != '' and '$(DesignTimeBuild)'!='true') was evaluated as ('' != '' and ''!='true').
       Task "MakeDir"
         Creating directory "bin\Debug\".
       Done executing task "MakeDir".
     1>Done building target "PrepareForBuild" in project "Box2D.vcxproj".
       Target "_PrepareForReferenceResolution" skipped. Previously built successfully.
       Target "ComputeCrtSDKReference" skipped, due to false condition; ('@(ClCompile)'!='' and '$(WindowsAppContainer)'=='true' and '$(UseCrtSDKReference)' != 'false') was evaluated as ('..\..\Box2D\Collision\b2BroadPhase.cpp;..\..\Box2D\Collision\b2CollideCircle.cpp;..\..\Box2D\Collision\b2CollideEdge.cpp;..\..\Box2D\Collision\b2CollidePolygon.cpp;..\..\Box2D\Collision\b2Collision.cpp;..\..\Box2D\Collision\b2Distance.cpp;..\..\Box2D\Collision\b2DynamicTree.cpp;..\..\Box2D\Collision\b2TimeOfImpact.cpp;..\..\Box2D\Collision\Shapes\b2ChainShape.cpp;..\..\Box2D\Collision\Shapes\b2CircleShape.cpp;..\..\Box2D\Collision\Shapes\b2EdgeShape.cpp;..\..\Box2D\Collision\Shapes\b2PolygonShape.cpp;..\..\Box2D\Common\b2BlockAllocator.cpp;..\..\Box2D\Common\b2Draw.cpp;..\..\Box2D\Common\b2Math.cpp;..\..\Box2D\Common\b2Settings.cpp;..\..\Box2D\Common\b2StackAllocator.cpp;..\..\Box2D\Common\b2Timer.cpp;..\..\Box2D\Dynamics\b2Body.cpp;..\..\Box2D\Dynamics\b2ContactManager.cpp;..\..\Box2D\Dynamics\b2Fixture.cpp;..\..\Box2D\Dynamics\b2Island.cpp;..\..\Box2D\Dynamics\b2World.cpp;..\..\Box2D\Dynamics\b2WorldCallbacks.cpp;..\..\Box2D\Dynamics\Contacts\b2ChainAndCircleContact.cpp;..\..\Box2D\Dynamics\Contacts\b2ChainAndPolygonContact.cpp;..\..\Box2D\Dynamics\Contacts\b2CircleContact.cpp;..\..\Box2D\Dynamics\Contacts\b2Contact.cpp;..\..\Box2D\Dynamics\Contacts\b2ContactSolver.cpp;..\..\Box2D\Dynamics\Contacts\b2EdgeAndCircleContact.cpp;..\..\Box2D\Dynamics\Contacts\b2EdgeAndPolygonContact.cpp;..\..\Box2D\Dynamics\Contacts\b2PolygonAndCircleContact.cpp;..\..\Box2D\Dynamics\Contacts\b2PolygonContact.cpp;..\..\Box2D\Dynamics\Joints\b2DistanceJoint.cpp;..\..\Box2D\Dynamics\Joints\b2FrictionJoint.cpp;..\..\Box2D\Dynamics\Joints\b2GearJoint.cpp;..\..\Box2D\Dynamics\Joints\b2Joint.cpp;..\..\Box2D\Dynamics\Joints\b2MotorJoint.cpp;..\..\Box2D\Dynamics\Joints\b2MouseJoint.cpp;..\..\Box2D\Dynamics\Joints\b2PrismaticJoint.cpp;..\..\Box2D\Dynamics\Joints\b2PulleyJoint.cpp;..\..\Box2D\Dynamics\Joints\b2RevoluteJoint.cpp;..\..\Box2D\Dynamics\Joints\b2RopeJoint.cpp;..\..\Box2D\Dynamics\Joints\b2WeldJoint.cpp;..\..\Box2D\Dynamics\Joints\b2WheelJoint.cpp'!='' and 'false'=='true' and '' != 'false').
     1>Target "GetInstalledSDKLocations" in file "C:\Windows\Microsoft.NET\Framework\v4.0.30319\Microsoft.Common.Targets" from project "B:\Game\Project1\libs\Box2D_v2.3.0\Box2D\Build\vs2012\Box2D.vcxproj" (target "ResolveSDKReferences" depends on it):
       Task "GetInstalledSDKLocations" skipped, due to false condition; ('@(SDKReference)' != '') was evaluated as ('' != '').
     1>Done building target "GetInstalledSDKLocations" in project "Box2D.vcxproj".
     1>Target "ResolveSDKReferences" in file "C:\Windows\Microsoft.NET\Framework\v4.0.30319\Microsoft.Common.Targets" from project "B:\Game\Project1\libs\Box2D_v2.3.0\Box2D\Build\vs2012\Box2D.vcxproj" (target "ResolveAssemblyReferences" depends on it):
       Task "ResolveSDKReference" skipped, due to false condition; ('@(SDKReference)'!='') was evaluated as (''!='').
     1>Done building target "ResolveSDKReferences" in project "Box2D.vcxproj".
       Target "ResolveSDKReferences" skipped. Previously built successfully.
     1>Target "ExpandSDKReferences" in file "C:\Windows\Microsoft.NET\Framework\v4.0.30319\Microsoft.Common.Targets" from project "B:\Game\Project1\libs\Box2D_v2.3.0\Box2D\Build\vs2012\Box2D.vcxproj" (target "ResolveAssemblyReferences" depends on it):
       Task "GetSDKReferenceFiles" skipped, due to false condition; ('@(ResolvedSDKReference)'!='') was evaluated as (''!='').
     1>Done building target "ExpandSDKReferences" in project "Box2D.vcxproj".
     1>Target "ResolveAssemblyReferences" in file "C:\Windows\Microsoft.NET\Framework\v4.0.30319\Microsoft.Common.Targets" from project "B:\Game\Project1\libs\Box2D_v2.3.0\Box2D\Build\vs2012\Box2D.vcxproj" (target "ResolveReferences" depends on it):
       Task "ResolveAssemblyReference" skipped, due to false condition; ('@(Reference)'!='' or '@(_ResolvedProjectReferencePaths)'!='' or '@(_ExplicitReference)' != '') was evaluated as (''!='' or ''!='' or '' != '').
     1>Done building target "ResolveAssemblyReferences" in project "Box2D.vcxproj".
       Target "ResolveComReferences" skipped, due to false condition; ('@(COMReference)'!='' or '@(COMFileReference)'!='') was evaluated as (''!='' or ''!='').
     1>Target "AfterResolveReferences" in file "C:\Windows\Microsoft.NET\Framework\v4.0.30319\Microsoft.Common.Targets" from project "B:\Game\Project1\libs\Box2D_v2.3.0\Box2D\Build\vs2012\Box2D.vcxproj" (target "ResolveReferences" depends on it):
     1>Done building target "AfterResolveReferences" in project "Box2D.vcxproj".
       Target "ImplicitlyExpandDesignTimeFacades" skipped, due to false condition; ('$(ImplicitlyExpandDesignTimeFacades)' == 'true') was evaluated as ('' == 'true').
     1>Target "ResolveReferences" in file "C:\Windows\Microsoft.NET\Framework\v4.0.30319\Microsoft.Common.Targets" from project "B:\Game\Project1\libs\Box2D_v2.3.0\Box2D\Build\vs2012\Box2D.vcxproj" (target "Build" depends on it):
     1>Done building target "ResolveReferences" in project "Box2D.vcxproj".
       Target "PrepareForBuild" skipped. Previously built successfully.
       Target "PrepareForBuild" skipped. Previously built successfully.
     1>Target "InitializeBuildStatus" in file "C:\Program Files (x86)\MSBuild\Microsoft.Cpp\v4.0\V110\Microsoft.CppBuild.targets" from project "B:\Game\Project1\libs\Box2D_v2.3.0\Box2D\Build\vs2012\Box2D.vcxproj" (target "Build" depends on it):
       Using "ReadLinesFromFile" task from assembly "Microsoft.Build.Tasks.v4.0, Version=4.0.0.0, Culture=neutral, PublicKeyToken=b03f5f7f11d50a3a".
       Task "ReadLinesFromFile"
       Done executing task "ReadLinesFromFile".
       Using "WriteLinesToFile" task from assembly "Microsoft.Build.Tasks.v4.0, Version=4.0.0.0, Culture=neutral, PublicKeyToken=b03f5f7f11d50a3a".
       Task "WriteLinesToFile"
       Done executing task "WriteLinesToFile".
       Using "Touch" task from assembly "Microsoft.Build.Tasks.v4.0, Version=4.0.0.0, Culture=neutral, PublicKeyToken=b03f5f7f11d50a3a".
       Task "Touch"
         Creating "obj\x32\Debug\Box2D\Box2D.unsuccessfulbuild" because "AlwaysCreate" was specified.
       Done executing task "Touch".
     1>Done building target "InitializeBuildStatus" in project "Box2D.vcxproj".
       Target "AssignProjectConfiguration" skipped. Previously built successfully.
       Target "_SplitProjectReferencesByFileExistence" skipped. Previously built successfully.
     1>Target "BuildGenerateSourcesTraverse" in file "C:\Windows\Microsoft.NET\Framework\v4.0.30319\Microsoft.Common.Targets" from project "B:\Game\Project1\libs\Box2D_v2.3.0\Box2D\Build\vs2012\Box2D.vcxproj" (target "BuildGenerateSources" depends on it):
       Task "MSBuild" skipped, due to false condition; ('$(BuildPassReferences)' == 'true' and '@(ProjectReferenceWithConfiguration)' != '' and '@(_MSBuildProjectReferenceExistent)' != '' and '%(_MSBuildProjectReferenceExistent.BuildReference)' == 'true') was evaluated as ('' == 'true' and '' != '' and '' != '' and '' == 'true').
     1>Done building target "BuildGenerateSourcesTraverse" in project "Box2D.vcxproj".
       Target "PrepareForBuild" skipped. Previously built successfully.
       Target "ResolveReferences" skipped. Previously built successfully.
     1>Target "BeforeBuildGenerateSources" in file "C:\Program Files (x86)\MSBuild\Microsoft.Cpp\v4.0\V110\Microsoft.BuildSteps.Targets" from project "B:\Game\Project1\libs\Box2D_v2.3.0\Box2D\Build\vs2012\Box2D.vcxproj" (target "_BuildGenerateSourcesAction" depends on it):
     1>Done building target "BeforeBuildGenerateSources" in project "Box2D.vcxproj".
     1>Target "PreBuildEvent" in file "C:\Program Files (x86)\MSBuild\Microsoft.Cpp\v4.0\V110\Microsoft.CppCommon.targets" from project "B:\Game\Project1\libs\Box2D_v2.3.0\Box2D\Build\vs2012\Box2D.vcxproj" (target "_BuildGenerateSourcesAction" depends on it):
       Task "Message" skipped, due to false condition; ('%(PreBuildEvent.Message)' != '' and '%(PreBuildEvent.Command)' != '') was evaluated as ('' != '' and '' != '').
       Task "Exec" skipped, due to false condition; ('%(PreBuildEvent.Command)' != '') was evaluated as ('' != '').
     1>Done building target "PreBuildEvent" in project "Box2D.vcxproj".
       Target "CustomBuild" skipped, due to false condition; ('@(CustomBuild)' != '') was evaluated as ('' != '').
       Target "FxCompile" skipped, due to false condition; ('@(FxCompile)' != '') was evaluated as ('' != '').
       Target "Xsd" skipped, due to false condition; ('@(Xsd)' != '') was evaluated as ('' != '').
     1>Target "_Xsd" in file "C:\Program Files (x86)\MSBuild\Microsoft.Cpp\v4.0\V110\Microsoft.CppBuild.targets" from project "B:\Game\Project1\libs\Box2D_v2.3.0\Box2D\Build\vs2012\Box2D.vcxproj" (target "_BuildGenerateSourcesAction" depends on it):
     1>Done building target "_Xsd" in project "Box2D.vcxproj".
     1>Target "MakeDirsForMidl" in file "C:\Program Files (x86)\MSBuild\Microsoft.Cpp\v4.0\V110\Microsoft.CppBuild.targets" from project "B:\Game\Project1\libs\Box2D_v2.3.0\Box2D\Build\vs2012\Box2D.vcxproj" (target "_Midl" depends on it):
       Task "Makedir"
       Done executing task "Makedir".
     1>Done building target "MakeDirsForMidl" in project "Box2D.vcxproj".
       Target "Midl" skipped, due to false condition; ('@(Midl)' != '') was evaluated as ('' != '').
       Target "CustomBuild" skipped, due to false condition; ('@(CustomBuild)' != '') was evaluated as ('' != '').
       Target "FxCompile" skipped, due to false condition; ('@(FxCompile)' != '') was evaluated as ('' != '').
     1>Target "ComputeMIDLGeneratedCompileInputs" in file "C:\Program Files (x86)\MSBuild\Microsoft.Cpp\v4.0\V110\Microsoft.CppBuild.targets" from project "B:\Game\Project1\libs\Box2D_v2.3.0\Box2D\Build\vs2012\Box2D.vcxproj" (target "_Midl" depends on it):
     1>Done building target "ComputeMIDLGeneratedCompileInputs" in project "Box2D.vcxproj".
     1>Target "AfterMidl" in file "C:\Program Files (x86)\MSBuild\Microsoft.Cpp\v4.0\V110\Microsoft.CppBuild.targets" from project "B:\Game\Project1\libs\Box2D_v2.3.0\Box2D\Build\vs2012\Box2D.vcxproj" (target "_Midl" depends on it):
     1>Done building target "AfterMidl" in project "Box2D.vcxproj".
     1>Target "_Midl" in file "C:\Program Files (x86)\MSBuild\Microsoft.Cpp\v4.0\V110\Microsoft.CppBuild.targets" from project "B:\Game\Project1\libs\Box2D_v2.3.0\Box2D\Build\vs2012\Box2D.vcxproj" (target "_BuildGenerateSourcesAction" depends on it):
     1>Done building target "_Midl" in project "Box2D.vcxproj".
     1>Target "AfterBuildGenerateSources" in file "C:\Program Files (x86)\MSBuild\Microsoft.Cpp\v4.0\V110\Microsoft.BuildSteps.Targets" from project "B:\Game\Project1\libs\Box2D_v2.3.0\Box2D\Build\vs2012\Box2D.vcxproj" (target "_BuildGenerateSourcesAction" depends on it):
     1>Done building target "AfterBuildGenerateSources" in project "Box2D.vcxproj".
     1>Target "AfterBuildGenerateSourcesEvent" in file "C:\Program Files (x86)\MSBuild\Microsoft.Cpp\v4.0\V110\Microsoft.CppBuild.targets" from project "B:\Game\Project1\libs\Box2D_v2.3.0\Box2D\Build\vs2012\Box2D.vcxproj" (target "_BuildGenerateSourcesAction" depends on it):
     1>Done building target "AfterBuildGenerateSourcesEvent" in project "Box2D.vcxproj".
     1>Target "_BuildGenerateSourcesAction" in file "C:\Program Files (x86)\MSBuild\Microsoft.Cpp\v4.0\V110\Microsoft.CppBuild.targets" from project "B:\Game\Project1\libs\Box2D_v2.3.0\Box2D\Build\vs2012\Box2D.vcxproj" (target "BuildGenerateSources" depends on it):
     1>Done building target "_BuildGenerateSourcesAction" in project "Box2D.vcxproj".
     1>Target "BuildGenerateSources" in file "C:\Windows\Microsoft.NET\Framework\v4.0.30319\Microsoft.Common.Targets" from project "B:\Game\Project1\libs\Box2D_v2.3.0\Box2D\Build\vs2012\Box2D.vcxproj" (target "Build" depends on it):
     1>Done building target "BuildGenerateSources" in project "Box2D.vcxproj".
       Target "AssignProjectConfiguration" skipped. Previously built successfully.
       Target "_SplitProjectReferencesByFileExistence" skipped. Previously built successfully.
     1>Target "BuildCompileTraverse" in file "C:\Windows\Microsoft.NET\Framework\v4.0.30319\Microsoft.Common.Targets" from project "B:\Game\Project1\libs\Box2D_v2.3.0\Box2D\Build\vs2012\Box2D.vcxproj" (target "BuildCompile" depends on it):
       Task "MSBuild" skipped, due to false condition; ('$(BuildPassReferences)' == 'true' and '@(ProjectReferenceWithConfiguration)' != '' and '@(_MSBuildProjectReferenceExistent)' != ''  and '%(_MSBuildProjectReferenceExistent.BuildReference)' == 'true') was evaluated as ('' == 'true' and '' != '' and '' != ''  and '' == 'true').
     1>Done building target "BuildCompileTraverse" in project "Box2D.vcxproj".
       Target "PrepareForBuild" skipped. Previously built successfully.
       Target "ResolveReferences" skipped. Previously built successfully.
     1>Target "BeforeClCompile" in file "C:\Program Files (x86)\MSBuild\Microsoft.Cpp\v4.0\V110\Microsoft.CppBuild.targets" from project "B:\Game\Project1\libs\Box2D_v2.3.0\Box2D\Build\vs2012\Box2D.vcxproj" (target "_ClCompile" depends on it):
     1>Done building target "BeforeClCompile" in project "Box2D.vcxproj".
       Target "ComputeMIDLGeneratedCompileInputs" skipped. Previously built successfully.
     1>Target "ComputeCLInputPDBName" in file "C:\Program Files (x86)\MSBuild\Microsoft.Cpp\v4.0\V110\Microsoft.CppBuild.targets" from project "B:\Game\Project1\libs\Box2D_v2.3.0\Box2D\Build\vs2012\Box2D.vcxproj" (target "_ClCompile" depends on it):
     1>Done building target "ComputeCLInputPDBName" in project "Box2D.vcxproj".
       Target "ResolveReferences" skipped. Previously built successfully.
     1>Target "ComputeReferenceCLInput" in file "C:\Program Files (x86)\MSBuild\Microsoft.Cpp\v4.0\V110\Microsoft.CppBuild.targets" from project "B:\Game\Project1\libs\Box2D_v2.3.0\Box2D\Build\vs2012\Box2D.vcxproj" (target "_ClCompile" depends on it):
       Task "WriteLinesToFile" skipped, due to false condition; (('@(_ReferenceCopyLocalPaths)'!='') and '$(DesignTimeBuild)' != 'true') was evaluated as ((''!='') and '' != 'true').
       Task "Message" skipped, due to false condition; ('$(_REFERENCE_DEBUG)'=='true') was evaluated as (''=='true').
     1>Done building target "ComputeReferenceCLInput" in project "Box2D.vcxproj".
     1>Target "MakeDirsForCl" in file "C:\Program Files (x86)\MSBuild\Microsoft.Cpp\v4.0\V110\Microsoft.CppBuild.targets" from project "B:\Game\Project1\libs\Box2D_v2.3.0\Box2D\Build\vs2012\Box2D.vcxproj" (target "_ClCompile" depends on it):
       Task "MakeDir"
       Done executing task "MakeDir".
     1>Done building target "MakeDirsForCl" in project "Box2D.vcxproj".
       Target "PrepareForBuild" skipped. Previously built successfully.
       Target "SetBuildDefaultEnvironmentVariables" skipped. Previously built successfully.
       Target "SetUserMacroEnvironmentVariables" skipped, due to false condition; ('@(BuildMacro)' != '') was evaluated as ('' != '').
     1>Target "_SelectedFiles" in file "C:\Program Files (x86)\MSBuild\Microsoft.Cpp\v4.0\V110\Microsoft.CppBuild.targets" from project "B:\Game\Project1\libs\Box2D_v2.3.0\Box2D\Build\vs2012\Box2D.vcxproj" (target "SelectClCompile" depends on it):
     1>Done building target "_SelectedFiles" in project "Box2D.vcxproj".
       Target "ComputeMIDLGeneratedCompileInputs" skipped. Previously built successfully.
       Target "ComputeCLInputPDBName" skipped. Previously built successfully.
       Target "ComputeReferenceCLInput" skipped. Previously built successfully.
       Target "_SelectedFiles" skipped. Previously built successfully.
     1>Target "SelectCustomBuild" in file "C:\Program Files (x86)\MSBuild\Microsoft.Cpp\v4.0\V110\Microsoft.CppBuild.targets" from project "B:\Game\Project1\libs\Box2D_v2.3.0\Box2D\Build\vs2012\Box2D.vcxproj" (target "SelectClCompile" depends on it):
     1>Done building target "SelectCustomBuild" in project "Box2D.vcxproj".
     1>Target "SelectClCompile" in file "C:\Program Files (x86)\MSBuild\Microsoft.Cpp\v4.0\V110\Microsoft.CppBuild.targets" from project "B:\Game\Project1\libs\Box2D_v2.3.0\Box2D\Build\vs2012\Box2D.vcxproj" (target "ClCompile" depends on it):
     1>Done building target "SelectClCompile" in project "Box2D.vcxproj".
       Target "GenerateTargetFrameworkMonikerAttribute" skipped, due to false condition; ('$(GenerateTargetFrameworkAttribute)' == 'true') was evaluated as ('false' == 'true').
       Target "ManagedIncrementalBuildPreProcessDependencyGraph" skipped, due to false condition; ('@(ClCompile)' != '' and '$(EnableManagedIncrementalBuild)' == 'True') was evaluated as ('..\..\Box2D\Collision\b2BroadPhase.cpp;..\..\Box2D\Collision\b2CollideCircle.cpp;..\..\Box2D\Collision\b2CollideEdge.cpp;..\..\Box2D\Collision\b2CollidePolygon.cpp;..\..\Box2D\Collision\b2Collision.cpp;..\..\Box2D\Collision\b2Distance.cpp;..\..\Box2D\Collision\b2DynamicTree.cpp;..\..\Box2D\Collision\b2TimeOfImpact.cpp;..\..\Box2D\Collision\Shapes\b2ChainShape.cpp;..\..\Box2D\Collision\Shapes\b2CircleShape.cpp;..\..\Box2D\Collision\Shapes\b2EdgeShape.cpp;..\..\Box2D\Collision\Shapes\b2PolygonShape.cpp;..\..\Box2D\Common\b2BlockAllocator.cpp;..\..\Box2D\Common\b2Draw.cpp;..\..\Box2D\Common\b2Math.cpp;..\..\Box2D\Common\b2Settings.cpp;..\..\Box2D\Common\b2StackAllocator.cpp;..\..\Box2D\Common\b2Timer.cpp;..\..\Box2D\Dynamics\b2Body.cpp;..\..\Box2D\Dynamics\b2ContactManager.cpp;..\..\Box2D\Dynamics\b2Fixture.cpp;..\..\Box2D\Dynamics\b2Island.cpp;..\..\Box2D\Dynamics\b2World.cpp;..\..\Box2D\Dynamics\b2WorldCallbacks.cpp;..\..\Box2D\Dynamics\Contacts\b2ChainAndCircleContact.cpp;..\..\Box2D\Dynamics\Contacts\b2ChainAndPolygonContact.cpp;..\..\Box2D\Dynamics\Contacts\b2CircleContact.cpp;..\..\Box2D\Dynamics\Contacts\b2Contact.cpp;..\..\Box2D\Dynamics\Contacts\b2ContactSolver.cpp;..\..\Box2D\Dynamics\Contacts\b2EdgeAndCircleContact.cpp;..\..\Box2D\Dynamics\Contacts\b2EdgeAndPolygonContact.cpp;..\..\Box2D\Dynamics\Contacts\b2PolygonAndCircleContact.cpp;..\..\Box2D\Dynamics\Contacts\b2PolygonContact.cpp;..\..\Box2D\Dynamics\Joints\b2DistanceJoint.cpp;..\..\Box2D\Dynamics\Joints\b2FrictionJoint.cpp;..\..\Box2D\Dynamics\Joints\b2GearJoint.cpp;..\..\Box2D\Dynamics\Joints\b2Joint.cpp;..\..\Box2D\Dynamics\Joints\b2MotorJoint.cpp;..\..\Box2D\Dynamics\Joints\b2MouseJoint.cpp;..\..\Box2D\Dynamics\Joints\b2PrismaticJoint.cpp;..\..\Box2D\Dynamics\Joints\b2PulleyJoint.cpp;..\..\Box2D\Dynamics\Joints\b2RevoluteJoint.cpp;..\..\Box2D\Dynamics\Joints\b2RopeJoint.cpp;..\..\Box2D\Dynamics\Joints\b2WeldJoint.cpp;..\..\Box2D\Dynamics\Joints\b2WheelJoint.cpp' != '' and 'false' == 'True').
     1>Target "ClCompile" in file "C:\Program Files (x86)\MSBuild\Microsoft.Cpp\v4.0\V110\Microsoft.CppCommon.targets" from project "B:\Game\Project1\libs\Box2D_v2.3.0\Box2D\Build\vs2012\Box2D.vcxproj" (target "_ClCompile" depends on it):
       Using "Delete" task from assembly "Microsoft.Build.Tasks.v4.0, Version=4.0.0.0, Culture=neutral, PublicKeyToken=b03f5f7f11d50a3a".
       Task "Delete"
       Done executing task "Delete".
       Task "CL" skipped, due to false condition; ('%(ClCompile.PrecompiledHeader)' == 'Create' and '%(ClCompile.ExcludedFromBuild)'!='true' and '%(ClCompile.CompilerIteration)' == '') was evaluated as ('' == 'Create' and ''!='true' and '' == '').
       Using "CL" task from assembly "Microsoft.Build.CppTasks.Common.v110, Version=4.0.0.0, Culture=neutral, PublicKeyToken=b03f5f7f11d50a3a".
       Task "CL"
         Forcing recompile of all source files due to missing PDB "bin\Debug\Box2D.pdb".
         Environment Variables passed to tool:
           VS_UNICODE_OUTPUT=740
         C:\Program Files (x86)\Microsoft Visual Studio 11.0\VC\bin\CL.exe /c /I..\.. /ZI /nologo /W4 /WX /Od /Oy- /D _CRT_SECURE_NO_WARNINGS /D _MBCS /Gm /EHsc /RTC1 /MDd /GS /Gy /fp:precise /Zc:wchar_t /Zc:forScope /Fo"obj\x32\Debug\Box2D\\" /Fd"bin\Debug\Box2D.pdb" /Gd /TP /analyze- /errorReport:prompt ..\..\Box2D\Collision\b2BroadPhase.cpp ..\..\Box2D\Collision\b2CollideCircle.cpp ..\..\Box2D\Collision\b2CollideEdge.cpp ..\..\Box2D\Collision\b2CollidePolygon.cpp ..\..\Box2D\Collision\b2Collision.cpp ..\..\Box2D\Collision\b2Distance.cpp ..\..\Box2D\Collision\b2DynamicTree.cpp ..\..\Box2D\Collision\b2TimeOfImpact.cpp ..\..\Box2D\Collision\Shapes\b2ChainShape.cpp ..\..\Box2D\Collision\Shapes\b2CircleShape.cpp ..\..\Box2D\Collision\Shapes\b2EdgeShape.cpp ..\..\Box2D\Collision\Shapes\b2PolygonShape.cpp ..\..\Box2D\Common\b2BlockAllocator.cpp ..\..\Box2D\Common\b2Draw.cpp ..\..\Box2D\Common\b2Math.cpp ..\..\Box2D\Common\b2Settings.cpp ..\..\Box2D\Common\b2StackAllocator.cpp ..\..\Box2D\Common\b2Timer.cpp ..\..\Box2D\Dynamics\b2Body.cpp ..\..\Box2D\Dynamics\b2ContactManager.cpp ..\..\Box2D\Dynamics\b2Fixture.cpp ..\..\Box2D\Dynamics\b2Island.cpp ..\..\Box2D\Dynamics\b2World.cpp ..\..\Box2D\Dynamics\b2WorldCallbacks.cpp ..\..\Box2D\Dynamics\Contacts\b2ChainAndCircleContact.cpp ..\..\Box2D\Dynamics\Contacts\b2ChainAndPolygonContact.cpp ..\..\Box2D\Dynamics\Contacts\b2CircleContact.cpp ..\..\Box2D\Dynamics\Contacts\b2Contact.cpp ..\..\Box2D\Dynamics\Contacts\b2ContactSolver.cpp ..\..\Box2D\Dynamics\Contacts\b2EdgeAndCircleContact.cpp ..\..\Box2D\Dynamics\Contacts\b2EdgeAndPolygonContact.cpp ..\..\Box2D\Dynamics\Contacts\b2PolygonAndCircleContact.cpp ..\..\Box2D\Dynamics\Contacts\b2PolygonContact.cpp ..\..\Box2D\Dynamics\Joints\b2DistanceJoint.cpp ..\..\Box2D\Dynamics\Joints\b2FrictionJoint.cpp ..\..\Box2D\Dynamics\Joints\b2GearJoint.cpp ..\..\Box2D\Dynamics\Joints\b2Joint.cpp ..\..\Box2D\Dynamics\Joints\b2MotorJoint.cpp ..\..\Box2D\Dynamics\Joints\b2MouseJoint.cpp ..\..\Box2D\Dynamics\Joints\b2PrismaticJoint.cpp ..\..\Box2D\Dynamics\Joints\b2PulleyJoint.cpp ..\..\Box2D\Dynamics\Joints\b2RevoluteJoint.cpp ..\..\Box2D\Dynamics\Joints\b2RopeJoint.cpp ..\..\Box2D\Dynamics\Joints\b2WeldJoint.cpp ..\..\Box2D\Dynamics\Joints\b2WheelJoint.cpp
         Tracking command:
         C:\Program Files (x86)\Microsoft SDKs\Windows\v8.0A\bin\NETFX 4.0 Tools\Tracker.exe /d C:\Windows\Microsoft.NET\Framework\v4.0.30319\FileTracker.dll /i B:\Game\Project1\libs\Box2D_v2.3.0\Box2D\Build\vs2012\obj\x32\Debug\Box2D /r "B:\GAME\PROJECT1\LIBS\BOX2D_V2.3.0\BOX2D\BOX2D\COLLISION\B2BROADPHASE.CPP|B:\GAME\PROJECT1\LIBS\BOX2D_V2.3.0\BOX2D\BOX2D\COLLISION\B2COLLIDECIRCLE.CPP|B:\GAME\PROJECT1\LIBS\BOX2D_V2.3.0\BOX2D\BOX2D\COLLISION\B2COLLIDEEDGE.CPP|B:\GAME\PROJECT1\LIBS\BOX2D_V2.3.0\BOX2D\BOX2D\COLLISION\B2COLLIDEPOLYGON.CPP|B:\GAME\PROJECT1\LIBS\BOX2D_V2.3.0\BOX2D\BOX2D\COLLISION\B2COLLISION.CPP|B:\GAME\PROJECT1\LIBS\BOX2D_V2.3.0\BOX2D\BOX2D\COLLISION\B2DISTANCE.CPP|B:\GAME\PROJECT1\LIBS\BOX2D_V2.3.0\BOX2D\BOX2D\COLLISION\B2DYNAMICTREE.CPP|B:\GAME\PROJECT1\LIBS\BOX2D_V2.3.0\BOX2D\BOX2D\COLLISION\B2TIMEOFIMPACT.CPP|B:\GAME\PROJECT1\LIBS\BOX2D_V2.3.0\BOX2D\BOX2D\COLLISION\SHAPES\B2CHAINSHAPE.CPP|B:\GAME\PROJECT1\LIBS\BOX2D_V2.3.0\BOX2D\BOX2D\COLLISION\SHAPES\B2CIRCLESHAPE.CPP|B:\GAME\PROJECT1\LIBS\BOX2D_V2.3.0\BOX2D\BOX2D\COLLISION\SHAPES\B2EDGESHAPE.CPP|B:\GAME\PROJECT1\LIBS\BOX2D_V2.3.0\BOX2D\BOX2D\COLLISION\SHAPES\B2POLYGONSHAPE.CPP|B:\GAME\PROJECT1\LIBS\BOX2D_V2.3.0\BOX2D\BOX2D\COMMON\B2BLOCKALLOCATOR.CPP|B:\GAME\PROJECT1\LIBS\BOX2D_V2.3.0\BOX2D\BOX2D\COMMON\B2DRAW.CPP|B:\GAME\PROJECT1\LIBS\BOX2D_V2.3.0\BOX2D\BOX2D\COMMON\B2MATH.CPP|B:\GAME\PROJECT1\LIBS\BOX2D_V2.3.0\BOX2D\BOX2D\COMMON\B2SETTINGS.CPP|B:\GAME\PROJECT1\LIBS\BOX2D_V2.3.0\BOX2D\BOX2D\COMMON\B2STACKALLOCATOR.CPP|B:\GAME\PROJECT1\LIBS\BOX2D_V2.3.0\BOX2D\BOX2D\COMMON\B2TIMER.CPP|B:\GAME\PROJECT1\LIBS\BOX2D_V2.3.0\BOX2D\BOX2D\DYNAMICS\B2BODY.CPP|B:\GAME\PROJECT1\LIBS\BOX2D_V2.3.0\BOX2D\BOX2D\DYNAMICS\B2CONTACTMANAGER.CPP|B:\GAME\PROJECT1\LIBS\BOX2D_V2.3.0\BOX2D\BOX2D\DYNAMICS\B2FIXTURE.CPP|B:\GAME\PROJECT1\LIBS\BOX2D_V2.3.0\BOX2D\BOX2D\DYNAMICS\B2ISLAND.CPP|B:\GAME\PROJECT1\LIBS\BOX2D_V2.3.0\BOX2D\BOX2D\DYNAMICS\B2WORLD.CPP|B:\GAME\PROJECT1\LIBS\BOX2D_V2.3.0\BOX2D\BOX2D\DYNAMICS\B2WORLDCALLBACKS.CPP|B:\GAME\PROJECT1\LIBS\BOX2D_V2.3.0\BOX2D\BOX2D\DYNAMICS\CONTACTS\B2CHAINANDCIRCLECONTACT.CPP|B:\GAME\PROJECT1\LIBS\BOX2D_V2.3.0\BOX2D\BOX2D\DYNAMICS\CONTACTS\B2CHAINANDPOLYGONCONTACT.CPP|B:\GAME\PROJECT1\LIBS\BOX2D_V2.3.0\BOX2D\BOX2D\DYNAMICS\CONTACTS\B2CIRCLECONTACT.CPP|B:\GAME\PROJECT1\LIBS\BOX2D_V2.3.0\BOX2D\BOX2D\DYNAMICS\CONTACTS\B2CONTACT.CPP|B:\GAME\PROJECT1\LIBS\BOX2D_V2.3.0\BOX2D\BOX2D\DYNAMICS\CONTACTS\B2CONTACTSOLVER.CPP|B:\GAME\PROJECT1\LIBS\BOX2D_V2.3.0\BOX2D\BOX2D\DYNAMICS\CONTACTS\B2EDGEANDCIRCLECONTACT.CPP|B:\GAME\PROJECT1\LIBS\BOX2D_V2.3.0\BOX2D\BOX2D\DYNAMICS\CONTACTS\B2EDGEANDPOLYGONCONTACT.CPP|B:\GAME\PROJECT1\LIBS\BOX2D_V2.3.0\BOX2D\BOX2D\DYNAMICS\CONTACTS\B2POLYGONANDCIRCLECONTACT.CPP|B:\GAME\PROJECT1\LIBS\BOX2D_V2.3.0\BOX2D\BOX2D\DYNAMICS\CONTACTS\B2POLYGONCONTACT.CPP|B:\GAME\PROJECT1\LIBS\BOX2D_V2.3.0\BOX2D\BOX2D\DYNAMICS\JOINTS\B2DISTANCEJOINT.CPP|B:\GAME\PROJECT1\LIBS\BOX2D_V2.3.0\BOX2D\BOX2D\DYNAMICS\JOINTS\B2FRICTIONJOINT.CPP|B:\GAME\PROJECT1\LIBS\BOX2D_V2.3.0\BOX2D\BOX2D\DYNAMICS\JOINTS\B2GEARJOINT.CPP|B:\GAME\PROJECT1\LIBS\BOX2D_V2.3.0\BOX2D\BOX2D\DYNAMICS\JOINTS\B2JOINT.CPP|B:\GAME\PROJECT1\LIBS\BOX2D_V2.3.0\BOX2D\BOX2D\DYNAMICS\JOINTS\B2MOTORJOINT.CPP|B:\GAME\PROJECT1\LIBS\BOX2D_V2.3.0\BOX2D\BOX2D\DYNAMICS\JOINTS\B2MOUSEJOINT.CPP|B:\GAME\PROJECT1\LIBS\BOX2D_V2.3.0\BOX2D\BOX2D\DYNAMICS\JOINTS\B2PRISMATICJOINT.CPP|B:\GAME\PROJECT1\LIBS\BOX2D_V2.3.0\BOX2D\BOX2D\DYNAMICS\JOINTS\B2PULLEYJOINT.CPP|B:\GAME\PROJECT1\LIBS\BOX2D_V2.3.0\BOX2D\BOX2D\DYNAMICS\JOINTS\B2REVOLUTEJOINT.CPP|B:\GAME\PROJECT1\LIBS\BOX2D_V2.3.0\BOX2D\BOX2D\DYNAMICS\JOINTS\B2ROPEJOINT.CPP|B:\GAME\PROJECT1\LIBS\BOX2D_V2.3.0\BOX2D\BOX2D\DYNAMICS\JOINTS\B2WELDJOINT.CPP|B:\GAME\PROJECT1\LIBS\BOX2D_V2.3.0\BOX2D\BOX2D\DYNAMICS\JOINTS\B2WHEELJOINT.CPP" /b MSBuildConsole_CancelEventd84432015e6c45c7957a6daaf7a032a5  /c "C:\Program Files (x86)\Microsoft Visual Studio 11.0\VC\bin\CL.exe"  /c /I..\.. /ZI /nologo /W4 /WX /Od /Oy- /D _CRT_SECURE_NO_WARNINGS /D _MBCS /Gm /EHsc /RTC1 /MDd /GS /Gy /fp:precise /Zc:wchar_t /Zc:forScope /Fo"obj\x32\Debug\Box2D\\" /Fd"bin\Debug\Box2D.pdb" /Gd /TP /analyze- /errorReport:prompt ..\..\Box2D\Collision\b2BroadPhase.cpp ..\..\Box2D\Collision\b2CollideCircle.cpp ..\..\Box2D\Collision\b2CollideEdge.cpp ..\..\Box2D\Collision\b2CollidePolygon.cpp ..\..\Box2D\Collision\b2Collision.cpp ..\..\Box2D\Collision\b2Distance.cpp ..\..\Box2D\Collision\b2DynamicTree.cpp ..\..\Box2D\Collision\b2TimeOfImpact.cpp ..\..\Box2D\Collision\Shapes\b2ChainShape.cpp ..\..\Box2D\Collision\Shapes\b2CircleShape.cpp ..\..\Box2D\Collision\Shapes\b2EdgeShape.cpp ..\..\Box2D\Collision\Shapes\b2PolygonShape.cpp ..\..\Box2D\Common\b2BlockAllocator.cpp ..\..\Box2D\Common\b2Draw.cpp ..\..\Box2D\Common\b2Math.cpp ..\..\Box2D\Common\b2Settings.cpp ..\..\Box2D\Common\b2StackAllocator.cpp ..\..\Box2D\Common\b2Timer.cpp ..\..\Box2D\Dynamics\b2Body.cpp ..\..\Box2D\Dynamics\b2ContactManager.cpp ..\..\Box2D\Dynamics\b2Fixture.cpp ..\..\Box2D\Dynamics\b2Island.cpp ..\..\Box2D\Dynamics\b2World.cpp ..\..\Box2D\Dynamics\b2WorldCallbacks.cpp ..\..\Box2D\Dynamics\Contacts\b2ChainAndCircleContact.cpp ..\..\Box2D\Dynamics\Contacts\b2ChainAndPolygonContact.cpp ..\..\Box2D\Dynamics\Contacts\b2CircleContact.cpp ..\..\Box2D\Dynamics\Contacts\b2Contact.cpp ..\..\Box2D\Dynamics\Contacts\b2ContactSolver.cpp ..\..\Box2D\Dynamics\Contacts\b2EdgeAndCircleContact.cpp ..\..\Box2D\Dynamics\Contacts\b2EdgeAndPolygonContact.cpp ..\..\Box2D\Dynamics\Contacts\b2PolygonAndCircleContact.cpp ..\..\Box2D\Dynamics\Contacts\b2PolygonContact.cpp ..\..\Box2D\Dynamics\Joints\b2DistanceJoint.cpp ..\..\Box2D\Dynamics\Joints\b2FrictionJoint.cpp ..\..\Box2D\Dynamics\Joints\b2GearJoint.cpp ..\..\Box2D\Dynamics\Joints\b2Joint.cpp ..\..\Box2D\Dynamics\Joints\b2MotorJoint.cpp ..\..\Box2D\Dynamics\Joints\b2MouseJoint.cpp ..\..\Box2D\Dynamics\Joints\b2PrismaticJoint.cpp ..\..\Box2D\Dynamics\Joints\b2PulleyJoint.cpp ..\..\Box2D\Dynamics\Joints\b2RevoluteJoint.cpp ..\..\Box2D\Dynamics\Joints\b2RopeJoint.cpp ..\..\Box2D\Dynamics\Joints\b2WeldJoint.cpp ..\..\Box2D\Dynamics\Joints\b2WheelJoint.cpp
         b2WheelJoint.cpp
         b2WeldJoint.cpp
         b2RopeJoint.cpp
         b2RevoluteJoint.cpp
         b2PulleyJoint.cpp
         b2PrismaticJoint.cpp
         b2MouseJoint.cpp
         b2MotorJoint.cpp
         b2Joint.cpp
         b2GearJoint.cpp
         b2FrictionJoint.cpp
         b2DistanceJoint.cpp
         b2PolygonContact.cpp
         b2PolygonAndCircleContact.cpp
         b2EdgeAndPolygonContact.cpp
         b2EdgeAndCircleContact.cpp
         b2ContactSolver.cpp
         b2Contact.cpp
         b2CircleContact.cpp
         b2ChainAndPolygonContact.cpp
         Generating Code...
         Compiling...
         b2ChainAndCircleContact.cpp
         b2WorldCallbacks.cpp
         b2World.cpp
         b2Island.cpp
         b2Fixture.cpp
         b2ContactManager.cpp
         b2Body.cpp
         b2Timer.cpp
         b2StackAllocator.cpp
         b2Settings.cpp
         b2Math.cpp
         b2Draw.cpp
         b2BlockAllocator.cpp
         b2PolygonShape.cpp
         b2EdgeShape.cpp
         b2CircleShape.cpp
         b2ChainShape.cpp
         b2TimeOfImpact.cpp
         b2DynamicTree.cpp
         b2Distance.cpp
         Generating Code...
         Compiling...
         b2Collision.cpp
         b2CollidePolygon.cpp
         b2CollideEdge.cpp
         b2CollideCircle.cpp
         b2BroadPhase.cpp
         Generating Code...
       Done executing task "CL".
     1>Done building target "ClCompile" in project "Box2D.vcxproj".
       Target "ManagedIncrementalBuildPostProcessDependencyGraph" skipped, due to false condition; ('@(ClCompile)' != '' and '$(EnableManagedIncrementalBuild)' == 'True') was evaluated as ('..\..\Box2D\Collision\b2BroadPhase.cpp;..\..\Box2D\Collision\b2CollideCircle.cpp;..\..\Box2D\Collision\b2CollideEdge.cpp;..\..\Box2D\Collision\b2CollidePolygon.cpp;..\..\Box2D\Collision\b2Collision.cpp;..\..\Box2D\Collision\b2Distance.cpp;..\..\Box2D\Collision\b2DynamicTree.cpp;..\..\Box2D\Collision\b2TimeOfImpact.cpp;..\..\Box2D\Collision\Shapes\b2ChainShape.cpp;..\..\Box2D\Collision\Shapes\b2CircleShape.cpp;..\..\Box2D\Collision\Shapes\b2EdgeShape.cpp;..\..\Box2D\Collision\Shapes\b2PolygonShape.cpp;..\..\Box2D\Common\b2BlockAllocator.cpp;..\..\Box2D\Common\b2Draw.cpp;..\..\Box2D\Common\b2Math.cpp;..\..\Box2D\Common\b2Settings.cpp;..\..\Box2D\Common\b2StackAllocator.cpp;..\..\Box2D\Common\b2Timer.cpp;..\..\Box2D\Dynamics\b2Body.cpp;..\..\Box2D\Dynamics\b2ContactManager.cpp;..\..\Box2D\Dynamics\b2Fixture.cpp;..\..\Box2D\Dynamics\b2Island.cpp;..\..\Box2D\Dynamics\b2World.cpp;..\..\Box2D\Dynamics\b2WorldCallbacks.cpp;..\..\Box2D\Dynamics\Contacts\b2ChainAndCircleContact.cpp;..\..\Box2D\Dynamics\Contacts\b2ChainAndPolygonContact.cpp;..\..\Box2D\Dynamics\Contacts\b2CircleContact.cpp;..\..\Box2D\Dynamics\Contacts\b2Contact.cpp;..\..\Box2D\Dynamics\Contacts\b2ContactSolver.cpp;..\..\Box2D\Dynamics\Contacts\b2EdgeAndCircleContact.cpp;..\..\Box2D\Dynamics\Contacts\b2EdgeAndPolygonContact.cpp;..\..\Box2D\Dynamics\Contacts\b2PolygonAndCircleContact.cpp;..\..\Box2D\Dynamics\Contacts\b2PolygonContact.cpp;..\..\Box2D\Dynamics\Joints\b2DistanceJoint.cpp;..\..\Box2D\Dynamics\Joints\b2FrictionJoint.cpp;..\..\Box2D\Dynamics\Joints\b2GearJoint.cpp;..\..\Box2D\Dynamics\Joints\b2Joint.cpp;..\..\Box2D\Dynamics\Joints\b2MotorJoint.cpp;..\..\Box2D\Dynamics\Joints\b2MouseJoint.cpp;..\..\Box2D\Dynamics\Joints\b2PrismaticJoint.cpp;..\..\Box2D\Dynamics\Joints\b2PulleyJoint.cpp;..\..\Box2D\Dynamics\Joints\b2RevoluteJoint.cpp;..\..\Box2D\Dynamics\Joints\b2RopeJoint.cpp;..\..\Box2D\Dynamics\Joints\b2WeldJoint.cpp;..\..\Box2D\Dynamics\Joints\b2WheelJoint.cpp' != '' and 'false' == 'True').
     1>Target "AfterClCompile" in file "C:\Program Files (x86)\MSBuild\Microsoft.Cpp\v4.0\V110\Microsoft.CppBuild.targets" from project "B:\Game\Project1\libs\Box2D_v2.3.0\Box2D\Build\vs2012\Box2D.vcxproj" (target "_ClCompile" depends on it):
     1>Done building target "AfterClCompile" in project "Box2D.vcxproj".
     1>Target "_ClCompile" in file "C:\Program Files (x86)\MSBuild\Microsoft.Cpp\v4.0\V110\Microsoft.CppBuild.targets" from project "B:\Game\Project1\libs\Box2D_v2.3.0\Box2D\Build\vs2012\Box2D.vcxproj" (target "_BuildCompileAction" depends on it):
     1>Done building target "_ClCompile" in project "Box2D.vcxproj".
       Target "_ResGen" skipped, due to false condition; ('@(EmbeddedResource)'!='') was evaluated as (''!='').
     1>Target "BeforeResourceCompile" in file "C:\Program Files (x86)\MSBuild\Microsoft.Cpp\v4.0\V110\Microsoft.CppBuild.targets" from project "B:\Game\Project1\libs\Box2D_v2.3.0\Box2D\Build\vs2012\Box2D.vcxproj" (target "_ResourceCompile" depends on it):
     1>Done building target "BeforeResourceCompile" in project "Box2D.vcxproj".
     1>Target "MakeDirsForResourceCompile" in file "C:\Program Files (x86)\MSBuild\Microsoft.Cpp\v4.0\V110\Microsoft.CppBuild.targets" from project "B:\Game\Project1\libs\Box2D_v2.3.0\Box2D\Build\vs2012\Box2D.vcxproj" (target "_ResourceCompile" depends on it):
       Task "MakeDir"
       Done executing task "MakeDir".
     1>Done building target "MakeDirsForResourceCompile" in project "Box2D.vcxproj".
       Target "ResourceCompile" skipped, due to false condition; ('@(ResourceCompile)' != '') was evaluated as ('' != '').
     1>Target "AfterResourceCompile" in file "C:\Program Files (x86)\MSBuild\Microsoft.Cpp\v4.0\V110\Microsoft.CppBuild.targets" from project "B:\Game\Project1\libs\Box2D_v2.3.0\Box2D\Build\vs2012\Box2D.vcxproj" (target "_ResourceCompile" depends on it):
     1>Done building target "AfterResourceCompile" in project "Box2D.vcxproj".
     1>Target "_ResourceCompile" in file "C:\Program Files (x86)\MSBuild\Microsoft.Cpp\v4.0\V110\Microsoft.CppBuild.targets" from project "B:\Game\Project1\libs\Box2D_v2.3.0\Box2D\Build\vs2012\Box2D.vcxproj" (target "_BuildCompileAction" depends on it):
     1>Done building target "_ResourceCompile" in project "Box2D.vcxproj".
       Target "_ImpLib" skipped, due to false condition; ('$(ImpLibCompiled)' == 'true') was evaluated as ('' == 'true').
     1>Target "BeforeLib" in file "C:\Program Files (x86)\MSBuild\Microsoft.Cpp\v4.0\V110\Microsoft.CppBuild.targets" from project "B:\Game\Project1\libs\Box2D_v2.3.0\Box2D\Build\vs2012\Box2D.vcxproj" (target "_Lib" depends on it):
     1>Done building target "BeforeLib" in project "Box2D.vcxproj".
     1>Target "ComputeLibAdditionalOptions" in file "C:\Program Files (x86)\MSBuild\Microsoft.Cpp\v4.0\V110\Microsoft.CppBuild.targets" from project "B:\Game\Project1\libs\Box2D_v2.3.0\Box2D\Build\vs2012\Box2D.vcxproj" (target "_Lib" depends on it):
     1>Done building target "ComputeLibAdditionalOptions" in project "Box2D.vcxproj".
     1>Target "ComputeRCOutputs" in file "C:\Program Files (x86)\MSBuild\Microsoft.Cpp\v4.0\V110\Microsoft.CppBuild.targets" from project "B:\Game\Project1\libs\Box2D_v2.3.0\Box2D\Build\vs2012\Box2D.vcxproj" (target "ComputeRCGeneratedLibInputs" depends on it):
     1>Done building target "ComputeRCOutputs" in project "Box2D.vcxproj".
     1>Target "ComputeRCGeneratedLibInputs" in file "C:\Program Files (x86)\MSBuild\Microsoft.Cpp\v4.0\V110\Microsoft.CppBuild.targets" from project "B:\Game\Project1\libs\Box2D_v2.3.0\Box2D\Build\vs2012\Box2D.vcxproj" (target "_Lib" depends on it):
     1>Done building target "ComputeRCGeneratedLibInputs" in project "Box2D.vcxproj".
     1>Target "ComputeCustomBuildOutput" in file "C:\Program Files (x86)\MSBuild\Microsoft.Cpp\v4.0\V110\Microsoft.CppBuild.targets" from project "B:\Game\Project1\libs\Box2D_v2.3.0\Box2D\Build\vs2012\Box2D.vcxproj" (target "_Lib" depends on it):
       Task "CreateItem" skipped, due to false condition; ('%(CustomBuildDirsToMake.OutputFileToTool)'!='') was evaluated as (''!='').
       Task "MakeDir"
       Done executing task "MakeDir".
     1>Done building target "ComputeCustomBuildOutput" in project "Box2D.vcxproj".
       Target "ComputeMIDLGeneratedCompileInputs" skipped. Previously built successfully.
       Target "ComputeCLInputPDBName" skipped. Previously built successfully.
       Target "ComputeReferenceCLInput" skipped. Previously built successfully.
     1>Target "ComputeCLOutputs" in file "C:\Program Files (x86)\MSBuild\Microsoft.Cpp\v4.0\V110\Microsoft.CppBuild.targets" from project "B:\Game\Project1\libs\Box2D_v2.3.0\Box2D\Build\vs2012\Box2D.vcxproj" (target "ComputeCLGeneratedLibInputs" depends on it):
     1>Done building target "ComputeCLOutputs" in project "Box2D.vcxproj".
     1>Target "ComputeCLGeneratedLibInputs" in file "C:\Program Files (x86)\MSBuild\Microsoft.Cpp\v4.0\V110\Microsoft.CppBuild.targets" from project "B:\Game\Project1\libs\Box2D_v2.3.0\Box2D\Build\vs2012\Box2D.vcxproj" (target "_Lib" depends on it):
     1>Done building target "ComputeCLGeneratedLibInputs" in project "Box2D.vcxproj".
     1>Target "ComputeLibInputsFromProject" in file "C:\Program Files (x86)\MSBuild\Microsoft.Cpp\v4.0\V110\Microsoft.CppBuild.targets" from project "B:\Game\Project1\libs\Box2D_v2.3.0\Box2D\Build\vs2012\Box2D.vcxproj" (target "_Lib" depends on it):
     1>Done building target "ComputeLibInputsFromProject" in project "Box2D.vcxproj".
       Target "ComputeReferenceLibInputs" skipped, due to false condition; (@(ProjectReference) != '') was evaluated as ( != '').
     1>Target "MakeDirsForLib" in file "C:\Program Files (x86)\MSBuild\Microsoft.Cpp\v4.0\V110\Microsoft.CppBuild.targets" from project "B:\Game\Project1\libs\Box2D_v2.3.0\Box2D\Build\vs2012\Box2D.vcxproj" (target "_Lib" depends on it):
       Task "MakeDir"
       Done executing task "MakeDir".
     1>Done building target "MakeDirsForLib" in project "Box2D.vcxproj".
     1>Target "DoLibOutputFilesMatch" in file "C:\Program Files (x86)\MSBuild\Microsoft.Cpp\v4.0\V110\Microsoft.CppBuild.targets" from project "B:\Game\Project1\libs\Box2D_v2.3.0\Box2D\Build\vs2012\Box2D.vcxproj" (target "_Lib" depends on it):
       Task "VCMessage" skipped, due to false condition; ('@(_OutputFileFromLib)' == '') was evaluated as ('bin\Debug\Box2D.lib' == '').
       Task "VCMessage" skipped, due to false condition; ('@(_OutputFileFromLib)' != '' and '%(_OutputFileFromLib.FullPath)' != '$([System.IO.Path]::GetFullPath($(TargetPath)))') was evaluated as ('bin\Debug\Box2D.lib' != '' and 'B:\Game\Project1\libs\Box2D_v2.3.0\Box2D\Build\vs2012\bin\Debug\Box2D.lib' != 'B:\Game\Project1\libs\Box2D_v2.3.0\Box2D\Build\vs2012\bin\Debug\Box2D.lib').
       Task "VCMessage" skipped, due to false condition; ('@(_OutputFileFromLib)' != '' and '%(_OutputFileFromLib.Extension)' != '$(TargetExt)') was evaluated as ('bin\Debug\Box2D.lib' != '' and '.lib' != '.lib').
       Task "VCMessage" skipped, due to false condition; ('@(_OutputFileFromLib)' != '' and '%(_OutputFileFromLib.Filename)' != '$(TargetName)') was evaluated as ('bin\Debug\Box2D.lib' != '' and 'Box2D' != 'Box2D').
     1>Done building target "DoLibOutputFilesMatch" in project "Box2D.vcxproj".
     1>Target "PreLinkEvent" in file "C:\Program Files (x86)\MSBuild\Microsoft.Cpp\v4.0\V110\Microsoft.CppCommon.targets" from project "B:\Game\Project1\libs\Box2D_v2.3.0\Box2D\Build\vs2012\Box2D.vcxproj" (target "_Lib" depends on it):
       Task "Message" skipped, due to false condition; ('%(PreLinkEvent.Message)' != '' and '%(PreLinkEvent.Command)' != '') was evaluated as ('' != '' and '' != '').
       Task "Exec" skipped, due to false condition; ('%(PreLinkEvent.Command)' != '') was evaluated as ('' != '').
     1>Done building target "PreLinkEvent" in project "Box2D.vcxproj".
     1>Target "Lib" in file "C:\Program Files (x86)\MSBuild\Microsoft.Cpp\v4.0\V110\Microsoft.CppCommon.targets" from project "B:\Game\Project1\libs\Box2D_v2.3.0\Box2D\Build\vs2012\Box2D.vcxproj" (target "_Lib" depends on it):
       Using "LIB" task from assembly "Microsoft.Build.CppTasks.Common.v110, Version=4.0.0.0, Culture=neutral, PublicKeyToken=b03f5f7f11d50a3a".
       Task "LIB"
         Forcing rebuild of all source files due to missing command TLog "B:\Game\Project1\libs\Box2D_v2.3.0\Box2D\Build\vs2012\obj\x32\Debug\Box2D\lib.command.1.tlog".
         C:\Program Files (x86)\Microsoft Visual Studio 11.0\VC\bin\Lib.exe /OUT:"bin\Debug\Box2D.lib" /NOLOGO /MACHINE:X86 obj\x32\Debug\Box2D\b2BroadPhase.obj
         obj\x32\Debug\Box2D\b2CollideCircle.obj
         obj\x32\Debug\Box2D\b2CollideEdge.obj
         obj\x32\Debug\Box2D\b2CollidePolygon.obj
         obj\x32\Debug\Box2D\b2Collision.obj
         obj\x32\Debug\Box2D\b2Distance.obj
         obj\x32\Debug\Box2D\b2DynamicTree.obj
         obj\x32\Debug\Box2D\b2TimeOfImpact.obj
         obj\x32\Debug\Box2D\b2ChainShape.obj
         obj\x32\Debug\Box2D\b2CircleShape.obj
         obj\x32\Debug\Box2D\b2EdgeShape.obj
         obj\x32\Debug\Box2D\b2PolygonShape.obj
         obj\x32\Debug\Box2D\b2BlockAllocator.obj
         obj\x32\Debug\Box2D\b2Draw.obj
         obj\x32\Debug\Box2D\b2Math.obj
         obj\x32\Debug\Box2D\b2Settings.obj
         obj\x32\Debug\Box2D\b2StackAllocator.obj
         obj\x32\Debug\Box2D\b2Timer.obj
         obj\x32\Debug\Box2D\b2Body.obj
         obj\x32\Debug\Box2D\b2ContactManager.obj
         obj\x32\Debug\Box2D\b2Fixture.obj
         obj\x32\Debug\Box2D\b2Island.obj
         obj\x32\Debug\Box2D\b2World.obj
         obj\x32\Debug\Box2D\b2WorldCallbacks.obj
         obj\x32\Debug\Box2D\b2ChainAndCircleContact.obj
         obj\x32\Debug\Box2D\b2ChainAndPolygonContact.obj
         obj\x32\Debug\Box2D\b2CircleContact.obj
         obj\x32\Debug\Box2D\b2Contact.obj
         obj\x32\Debug\Box2D\b2ContactSolver.obj
         obj\x32\Debug\Box2D\b2EdgeAndCircleContact.obj
         obj\x32\Debug\Box2D\b2EdgeAndPolygonContact.obj
         obj\x32\Debug\Box2D\b2PolygonAndCircleContact.obj
         obj\x32\Debug\Box2D\b2PolygonContact.obj
         obj\x32\Debug\Box2D\b2DistanceJoint.obj
         obj\x32\Debug\Box2D\b2FrictionJoint.obj
         obj\x32\Debug\Box2D\b2GearJoint.obj
         obj\x32\Debug\Box2D\b2Joint.obj
         obj\x32\Debug\Box2D\b2MotorJoint.obj
         obj\x32\Debug\Box2D\b2MouseJoint.obj
         obj\x32\Debug\Box2D\b2PrismaticJoint.obj
         obj\x32\Debug\Box2D\b2PulleyJoint.obj
         obj\x32\Debug\Box2D\b2RevoluteJoint.obj
         obj\x32\Debug\Box2D\b2RopeJoint.obj
         obj\x32\Debug\Box2D\b2WeldJoint.obj
         obj\x32\Debug\Box2D\b2WheelJoint.obj
         Tracking command:
         C:\Program Files (x86)\Microsoft SDKs\Windows\v8.0A\bin\NETFX 4.0 Tools\Tracker.exe /d C:\Windows\Microsoft.NET\Framework\v4.0.30319\FileTracker.dll /i B:\Game\Project1\libs\Box2D_v2.3.0\Box2D\Build\vs2012\obj\x32\Debug\Box2D /r "B:\GAME\PROJECT1\LIBS\BOX2D_V2.3.0\BOX2D\BUILD\VS2012\OBJ\X32\DEBUG\BOX2D\B2BLOCKALLOCATOR.OBJ|B:\GAME\PROJECT1\LIBS\BOX2D_V2.3.0\BOX2D\BUILD\VS2012\OBJ\X32\DEBUG\BOX2D\B2BODY.OBJ|B:\GAME\PROJECT1\LIBS\BOX2D_V2.3.0\BOX2D\BUILD\VS2012\OBJ\X32\DEBUG\BOX2D\B2BROADPHASE.OBJ|B:\GAME\PROJECT1\LIBS\BOX2D_V2.3.0\BOX2D\BUILD\VS2012\OBJ\X32\DEBUG\BOX2D\B2CHAINANDCIRCLECONTACT.OBJ|B:\GAME\PROJECT1\LIBS\BOX2D_V2.3.0\BOX2D\BUILD\VS2012\OBJ\X32\DEBUG\BOX2D\B2CHAINANDPOLYGONCONTACT.OBJ|B:\GAME\PROJECT1\LIBS\BOX2D_V2.3.0\BOX2D\BUILD\VS2012\OBJ\X32\DEBUG\BOX2D\B2CHAINSHAPE.OBJ|B:\GAME\PROJECT1\LIBS\BOX2D_V2.3.0\BOX2D\BUILD\VS2012\OBJ\X32\DEBUG\BOX2D\B2CIRCLECONTACT.OBJ|B:\GAME\PROJECT1\LIBS\BOX2D_V2.3.0\BOX2D\BUILD\VS2012\OBJ\X32\DEBUG\BOX2D\B2CIRCLESHAPE.OBJ|B:\GAME\PROJECT1\LIBS\BOX2D_V2.3.0\BOX2D\BUILD\VS2012\OBJ\X32\DEBUG\BOX2D\B2COLLIDECIRCLE.OBJ|B:\GAME\PROJECT1\LIBS\BOX2D_V2.3.0\BOX2D\BUILD\VS2012\OBJ\X32\DEBUG\BOX2D\B2COLLIDEEDGE.OBJ|B:\GAME\PROJECT1\LIBS\BOX2D_V2.3.0\BOX2D\BUILD\VS2012\OBJ\X32\DEBUG\BOX2D\B2COLLIDEPOLYGON.OBJ|B:\GAME\PROJECT1\LIBS\BOX2D_V2.3.0\BOX2D\BUILD\VS2012\OBJ\X32\DEBUG\BOX2D\B2COLLISION.OBJ|B:\GAME\PROJECT1\LIBS\BOX2D_V2.3.0\BOX2D\BUILD\VS2012\OBJ\X32\DEBUG\BOX2D\B2CONTACT.OBJ|B:\GAME\PROJECT1\LIBS\BOX2D_V2.3.0\BOX2D\BUILD\VS2012\OBJ\X32\DEBUG\BOX2D\B2CONTACTMANAGER.OBJ|B:\GAME\PROJECT1\LIBS\BOX2D_V2.3.0\BOX2D\BUILD\VS2012\OBJ\X32\DEBUG\BOX2D\B2CONTACTSOLVER.OBJ|B:\GAME\PROJECT1\LIBS\BOX2D_V2.3.0\BOX2D\BUILD\VS2012\OBJ\X32\DEBUG\BOX2D\B2DISTANCE.OBJ|B:\GAME\PROJECT1\LIBS\BOX2D_V2.3.0\BOX2D\BUILD\VS2012\OBJ\X32\DEBUG\BOX2D\B2DISTANCEJOINT.OBJ|B:\GAME\PROJECT1\LIBS\BOX2D_V2.3.0\BOX2D\BUILD\VS2012\OBJ\X32\DEBUG\BOX2D\B2DRAW.OBJ|B:\GAME\PROJECT1\LIBS\BOX2D_V2.3.0\BOX2D\BUILD\VS2012\OBJ\X32\DEBUG\BOX2D\B2DYNAMICTREE.OBJ|B:\GAME\PROJECT1\LIBS\BOX2D_V2.3.0\BOX2D\BUILD\VS2012\OBJ\X32\DEBUG\BOX2D\B2EDGEANDCIRCLECONTACT.OBJ|B:\GAME\PROJECT1\LIBS\BOX2D_V2.3.0\BOX2D\BUILD\VS2012\OBJ\X32\DEBUG\BOX2D\B2EDGEANDPOLYGONCONTACT.OBJ|B:\GAME\PROJECT1\LIBS\BOX2D_V2.3.0\BOX2D\BUILD\VS2012\OBJ\X32\DEBUG\BOX2D\B2EDGESHAPE.OBJ|B:\GAME\PROJECT1\LIBS\BOX2D_V2.3.0\BOX2D\BUILD\VS2012\OBJ\X32\DEBUG\BOX2D\B2FIXTURE.OBJ|B:\GAME\PROJECT1\LIBS\BOX2D_V2.3.0\BOX2D\BUILD\VS2012\OBJ\X32\DEBUG\BOX2D\B2FRICTIONJOINT.OBJ|B:\GAME\PROJECT1\LIBS\BOX2D_V2.3.0\BOX2D\BUILD\VS2012\OBJ\X32\DEBUG\BOX2D\B2GEARJOINT.OBJ|B:\GAME\PROJECT1\LIBS\BOX2D_V2.3.0\BOX2D\BUILD\VS2012\OBJ\X32\DEBUG\BOX2D\B2ISLAND.OBJ|B:\GAME\PROJECT1\LIBS\BOX2D_V2.3.0\BOX2D\BUILD\VS2012\OBJ\X32\DEBUG\BOX2D\B2JOINT.OBJ|B:\GAME\PROJECT1\LIBS\BOX2D_V2.3.0\BOX2D\BUILD\VS2012\OBJ\X32\DEBUG\BOX2D\B2MATH.OBJ|B:\GAME\PROJECT1\LIBS\BOX2D_V2.3.0\BOX2D\BUILD\VS2012\OBJ\X32\DEBUG\BOX2D\B2MOTORJOINT.OBJ|B:\GAME\PROJECT1\LIBS\BOX2D_V2.3.0\BOX2D\BUILD\VS2012\OBJ\X32\DEBUG\BOX2D\B2MOUSEJOINT.OBJ|B:\GAME\PROJECT1\LIBS\BOX2D_V2.3.0\BOX2D\BUILD\VS2012\OBJ\X32\DEBUG\BOX2D\B2POLYGONANDCIRCLECONTACT.OBJ|B:\GAME\PROJECT1\LIBS\BOX2D_V2.3.0\BOX2D\BUILD\VS2012\OBJ\X32\DEBUG\BOX2D\B2POLYGONCONTACT.OBJ|B:\GAME\PROJECT1\LIBS\BOX2D_V2.3.0\BOX2D\BUILD\VS2012\OBJ\X32\DEBUG\BOX2D\B2POLYGONSHAPE.OBJ|B:\GAME\PROJECT1\LIBS\BOX2D_V2.3.0\BOX2D\BUILD\VS2012\OBJ\X32\DEBUG\BOX2D\B2PRISMATICJOINT.OBJ|B:\GAME\PROJECT1\LIBS\BOX2D_V2.3.0\BOX2D\BUILD\VS2012\OBJ\X32\DEBUG\BOX2D\B2PULLEYJOINT.OBJ|B:\GAME\PROJECT1\LIBS\BOX2D_V2.3.0\BOX2D\BUILD\VS2012\OBJ\X32\DEBUG\BOX2D\B2REVOLUTEJOINT.OBJ|B:\GAME\PROJECT1\LIBS\BOX2D_V2.3.0\BOX2D\BUILD\VS2012\OBJ\X32\DEBUG\BOX2D\B2ROPEJOINT.OBJ|B:\GAME\PROJECT1\LIBS\BOX2D_V2.3.0\BOX2D\BUILD\VS2012\OBJ\X32\DEBUG\BOX2D\B2SETTINGS.OBJ|B:\GAME\PROJECT1\LIBS\BOX2D_V2.3.0\BOX2D\BUILD\VS2012\OBJ\X32\DEBUG\BOX2D\B2STACKALLOCATOR.OBJ|B:\GAME\PROJECT1\LIBS\BOX2D_V2.3.0\BOX2D\BUILD\VS2012\OBJ\X32\DEBUG\BOX2D\B2TIMEOFIMPACT.OBJ|B:\GAME\PROJECT1\LIBS\BOX2D_V2.3.0\BOX2D\BUILD\VS2012\OBJ\X32\DEBUG\BOX2D\B2TIMER.OBJ|B:\GAME\PROJECT1\LIBS\BOX2D_V2.3.0\BOX2D\BUILD\VS2012\OBJ\X32\DEBUG\BOX2D\B2WELDJOINT.OBJ|B:\GAME\PROJECT1\LIBS\BOX2D_V2.3.0\BOX2D\BUILD\VS2012\OBJ\X32\DEBUG\BOX2D\B2WHEELJOINT.OBJ|B:\GAME\PROJECT1\LIBS\BOX2D_V2.3.0\BOX2D\BUILD\VS2012\OBJ\X32\DEBUG\BOX2D\B2WORLD.OBJ|B:\GAME\PROJECT1\LIBS\BOX2D_V2.3.0\BOX2D\BUILD\VS2012\OBJ\X32\DEBUG\BOX2D\B2WORLDCALLBACKS.OBJ" /b MSBuildConsole_CancelEvent3046e6a421474011bc274492972d1c05  /c "C:\Program Files (x86)\Microsoft Visual Studio 11.0\VC\bin\Lib.exe"  /OUT:"bin\Debug\Box2D.lib" /NOLOGO /MACHINE:X86 obj\x32\Debug\Box2D\b2BroadPhase.obj
         obj\x32\Debug\Box2D\b2CollideCircle.obj
         obj\x32\Debug\Box2D\b2CollideEdge.obj
         obj\x32\Debug\Box2D\b2CollidePolygon.obj
         obj\x32\Debug\Box2D\b2Collision.obj
         obj\x32\Debug\Box2D\b2Distance.obj
         obj\x32\Debug\Box2D\b2DynamicTree.obj
         obj\x32\Debug\Box2D\b2TimeOfImpact.obj
         obj\x32\Debug\Box2D\b2ChainShape.obj
         obj\x32\Debug\Box2D\b2CircleShape.obj
         obj\x32\Debug\Box2D\b2EdgeShape.obj
         obj\x32\Debug\Box2D\b2PolygonShape.obj
         obj\x32\Debug\Box2D\b2BlockAllocator.obj
         obj\x32\Debug\Box2D\b2Draw.obj
         obj\x32\Debug\Box2D\b2Math.obj
         obj\x32\Debug\Box2D\b2Settings.obj
         obj\x32\Debug\Box2D\b2StackAllocator.obj
         obj\x32\Debug\Box2D\b2Timer.obj
         obj\x32\Debug\Box2D\b2Body.obj
         obj\x32\Debug\Box2D\b2ContactManager.obj
         obj\x32\Debug\Box2D\b2Fixture.obj
         obj\x32\Debug\Box2D\b2Island.obj
         obj\x32\Debug\Box2D\b2World.obj
         obj\x32\Debug\Box2D\b2WorldCallbacks.obj
         obj\x32\Debug\Box2D\b2ChainAndCircleContact.obj
         obj\x32\Debug\Box2D\b2ChainAndPolygonContact.obj
         obj\x32\Debug\Box2D\b2CircleContact.obj
         obj\x32\Debug\Box2D\b2Contact.obj
         obj\x32\Debug\Box2D\b2ContactSolver.obj
         obj\x32\Debug\Box2D\b2EdgeAndCircleContact.obj
         obj\x32\Debug\Box2D\b2EdgeAndPolygonContact.obj
         obj\x32\Debug\Box2D\b2PolygonAndCircleContact.obj
         obj\x32\Debug\Box2D\b2PolygonContact.obj
         obj\x32\Debug\Box2D\b2DistanceJoint.obj
         obj\x32\Debug\Box2D\b2FrictionJoint.obj
         obj\x32\Debug\Box2D\b2GearJoint.obj
         obj\x32\Debug\Box2D\b2Joint.obj
         obj\x32\Debug\Box2D\b2MotorJoint.obj
         obj\x32\Debug\Box2D\b2MouseJoint.obj
         obj\x32\Debug\Box2D\b2PrismaticJoint.obj
         obj\x32\Debug\Box2D\b2PulleyJoint.obj
         obj\x32\Debug\Box2D\b2RevoluteJoint.obj
         obj\x32\Debug\Box2D\b2RopeJoint.obj
         obj\x32\Debug\Box2D\b2WeldJoint.obj
         obj\x32\Debug\Box2D\b2WheelJoint.obj
       Done executing task "LIB".
       Task "Message"
         Box2D.vcxproj -> B:\Game\Project1\libs\Box2D_v2.3.0\Box2D\Build\vs2012\bin\Debug\Box2D.lib
       Done executing task "Message".
     1>Done building target "Lib" in project "Box2D.vcxproj".
     1>Target "AfterLib" in file "C:\Program Files (x86)\MSBuild\Microsoft.Cpp\v4.0\V110\Microsoft.CppBuild.targets" from project "B:\Game\Project1\libs\Box2D_v2.3.0\Box2D\Build\vs2012\Box2D.vcxproj" (target "_Lib" depends on it):
     1>Done building target "AfterLib" in project "Box2D.vcxproj".
     1>Target "_Lib" in file "C:\Program Files (x86)\MSBuild\Microsoft.Cpp\v4.0\V110\Microsoft.CppBuild.targets" from project "B:\Game\Project1\libs\Box2D_v2.3.0\Box2D\Build\vs2012\Box2D.vcxproj" (target "_BuildCompileAction" depends on it):
     1>Done building target "_Lib" in project "Box2D.vcxproj".
     1>Target "AfterBuildCompileEvent" in file "C:\Program Files (x86)\MSBuild\Microsoft.Cpp\v4.0\V110\Microsoft.CppBuild.targets" from project "B:\Game\Project1\libs\Box2D_v2.3.0\Box2D\Build\vs2012\Box2D.vcxproj" (target "_BuildCompileAction" depends on it):
     1>Done building target "AfterBuildCompileEvent" in project "Box2D.vcxproj".
     1>Target "_BuildCompileAction" in file "C:\Program Files (x86)\MSBuild\Microsoft.Cpp\v4.0\V110\Microsoft.CppBuild.targets" from project "B:\Game\Project1\libs\Box2D_v2.3.0\Box2D\Build\vs2012\Box2D.vcxproj" (target "BuildCompile" depends on it):
     1>Done building target "_BuildCompileAction" in project "Box2D.vcxproj".
     1>Target "BuildCompile" in file "C:\Windows\Microsoft.NET\Framework\v4.0.30319\Microsoft.Common.Targets" from project "B:\Game\Project1\libs\Box2D_v2.3.0\Box2D\Build\vs2012\Box2D.vcxproj" (target "Build" depends on it):
     1>Done building target "BuildCompile" in project "Box2D.vcxproj".
       Target "AssignProjectConfiguration" skipped. Previously built successfully.
       Target "_SplitProjectReferencesByFileExistence" skipped. Previously built successfully.
     1>Target "BuildLinkTraverse" in file "C:\Windows\Microsoft.NET\Framework\v4.0.30319\Microsoft.Common.Targets" from project "B:\Game\Project1\libs\Box2D_v2.3.0\Box2D\Build\vs2012\Box2D.vcxproj" (target "BuildLink" depends on it):
       Task "MSBuild" skipped, due to false condition; ('$(BuildPassReferences)' == 'true' and '@(ProjectReferenceWithConfiguration)' != '' and '@(_MSBuildProjectReferenceExistent)' != ''  and '%(_MSBuildProjectReferenceExistent.BuildReference)' == 'true') was evaluated as ('' == 'true' and '' != '' and '' != ''  and '' == 'true').
     1>Done building target "BuildLinkTraverse" in project "Box2D.vcxproj".
       Target "PrepareForBuild" skipped. Previously built successfully.
       Target "ResolveReferences" skipped. Previously built successfully.
     1>Target "ComputeLegacyManifestEmbedding" in file "C:\Program Files (x86)\MSBuild\Microsoft.Cpp\v4.0\V110\Microsoft.CppBuild.targets" from project "B:\Game\Project1\libs\Box2D_v2.3.0\Box2D\Build\vs2012\Box2D.vcxproj" (target "_BuildLinkAction" depends on it):
       Task "VCMessage" skipped, due to false condition; ('$(RevertManifestEmbedding)' == 'true' and '$(_LegacyManifestEmbeddingDebug)' == 'true') was evaluated as ('' == 'true' and '' == 'true').
     1>Done building target "ComputeLegacyManifestEmbedding" in project "Box2D.vcxproj".
       Target "_Link" skipped, due to false condition; ('$(LinkCompiled)' == 'true') was evaluated as ('' == 'true').
     1>Target "_ALink" in file "C:\Program Files (x86)\MSBuild\Microsoft.Cpp\v4.0\V110\Microsoft.CppBuild.targets" from project "B:\Game\Project1\libs\Box2D_v2.3.0\Box2D\Build\vs2012\Box2D.vcxproj" (target "_BuildLinkAction" depends on it):
     1>Done building target "_ALink" in project "Box2D.vcxproj".
       Target "ComputeLegacyManifestEmbedding" skipped. Previously built successfully.
     1>Target "_Manifest" in file "C:\Program Files (x86)\MSBuild\Microsoft.Cpp\v4.0\V110\Microsoft.CppBuild.targets" from project "B:\Game\Project1\libs\Box2D_v2.3.0\Box2D\Build\vs2012\Box2D.vcxproj" (target "_BuildLinkAction" depends on it):
       Task "CallTarget" skipped, due to false condition; ('$(LegacyManifestEmbedding)' == 'true') was evaluated as ('' == 'true').
     1>Done building target "_Manifest" in project "Box2D.vcxproj".
     1>Target "RegisterOutput" in file "C:\Program Files (x86)\MSBuild\Microsoft.Cpp\v4.0\V110\Microsoft.CppCommon.targets" from project "B:\Game\Project1\libs\Box2D_v2.3.0\Box2D\Build\vs2012\Box2D.vcxproj" (target "_BuildLinkAction" depends on it):
       Task "Exec" skipped, due to false condition; ('$(ConfigurationType)'=='DynamicLibrary' and '%(Link.RegisterOutput)'=='true' and '%(Link.PerUserRedirection)'!='true') was evaluated as ('StaticLibrary'=='DynamicLibrary' and ''=='true' and ''!='true').
       Task "Exec" skipped, due to false condition; ('$(ConfigurationType)'=='DynamicLibrary' and '%(Link.RegisterOutput)'=='true' and '%(Link.PerUserRedirection)'=='true') was evaluated as ('StaticLibrary'=='DynamicLibrary' and ''=='true' and ''=='true').
       Task "Exec" skipped, due to false condition; ('$(ConfigurationType)'=='Application' and '%(Link.RegisterOutput)'=='true' and '%(Link.PerUserRedirection)'!='true') was evaluated as ('StaticLibrary'=='Application' and ''=='true' and ''!='true').
       Task "Exec" skipped, due to false condition; ('$(ConfigurationType)'=='Application' and '%(Link.RegisterOutput)'=='true' and '%(Link.PerUserRedirection)'=='true') was evaluated as ('StaticLibrary'=='Application' and ''=='true' and ''=='true').
       Task "VCMessage" skipped, due to false condition; ('$(_RegisterOutputExitCode)' != '' and '$(_RegisterOutputExitCode)' != '0') was evaluated as ('' != '' and '' != '0').
     1>Done building target "RegisterOutput" in project "Box2D.vcxproj".
       Target "PrepareForBuild" skipped. Previously built successfully.
       Target "ResolveReferences" skipped. Previously built successfully.
     1>Target "ResolvedXDCMake" in file "C:\Program Files (x86)\MSBuild\Microsoft.Cpp\v4.0\V110\Microsoft.CppBuild.targets" from project "B:\Game\Project1\libs\Box2D_v2.3.0\Box2D\Build\vs2012\Box2D.vcxproj" (target "_XdcMake" depends on it):
       Task "MSBuild" skipped, due to false condition; ('%(_MSBuildProjectReferenceExistent.Extension)' == '.vcxproj' and '@(ProjectReferenceWithConfiguration)' != '' and '@(_MSBuildProjectReferenceExistent)' != '' and '$(_ClCompileGenerateXMLDocumentationFiles)' == 'true') was evaluated as ('' == '.vcxproj' and '' != '' and '' != '' and '' == 'true').
     1>Done building target "ResolvedXDCMake" in project "Box2D.vcxproj".
     1>Target "ComputeCLCompileGeneratedXDCFiles" in file "C:\Program Files (x86)\MSBuild\Microsoft.Cpp\v4.0\V110\Microsoft.CppBuild.targets" from project "B:\Game\Project1\libs\Box2D_v2.3.0\Box2D\Build\vs2012\Box2D.vcxproj" (target "_XdcMake" depends on it):
     1>Done building target "ComputeCLCompileGeneratedXDCFiles" in project "Box2D.vcxproj".
     1>Target "MakeDirsForXdcMake" in file "C:\Program Files (x86)\MSBuild\Microsoft.Cpp\v4.0\V110\Microsoft.CppBuild.targets" from project "B:\Game\Project1\libs\Box2D_v2.3.0\Box2D\Build\vs2012\Box2D.vcxproj" (target "_XdcMake" depends on it):
       Task "MakeDir"
       Done executing task "MakeDir".
     1>Done building target "MakeDirsForXdcMake" in project "Box2D.vcxproj".
       Target "XdcMake" skipped, due to false condition; ('@(XdcMake)' != '') was evaluated as ('' != '').
     1>Target "_XdcMake" in file "C:\Program Files (x86)\MSBuild\Microsoft.Cpp\v4.0\V110\Microsoft.CppBuild.targets" from project "B:\Game\Project1\libs\Box2D_v2.3.0\Box2D\Build\vs2012\Box2D.vcxproj" (target "_BuildLinkAction" depends on it):
     1>Done building target "_XdcMake" in project "Box2D.vcxproj".
     1>Target "ComputeCLCompileGeneratedSbrFiles" in file "C:\Program Files (x86)\MSBuild\Microsoft.Cpp\v4.0\V110\Microsoft.CppBuild.targets" from project "B:\Game\Project1\libs\Box2D_v2.3.0\Box2D\Build\vs2012\Box2D.vcxproj" (target "_BscMake" depends on it):
     1>Done building target "ComputeCLCompileGeneratedSbrFiles" in project "Box2D.vcxproj".
     1>Target "MakeDirsForBscMake" in file "C:\Program Files (x86)\MSBuild\Microsoft.Cpp\v4.0\V110\Microsoft.CppBuild.targets" from project "B:\Game\Project1\libs\Box2D_v2.3.0\Box2D\Build\vs2012\Box2D.vcxproj" (target "_BscMake" depends on it):
       Task "MakeDir"
       Done executing task "MakeDir".
     1>Done building target "MakeDirsForBscMake" in project "Box2D.vcxproj".
       Target "BscMake" skipped, due to false condition; ('@(BscMake)' != '') was evaluated as ('' != '').
       Target "CustomBuildStep" skipped, due to false condition; ('@(CustomBuildStep)' != '' and '$(SelectedFiles)'=='') was evaluated as ('' != '' and ''=='').
     1>Target "_BscMake" in file "C:\Program Files (x86)\MSBuild\Microsoft.Cpp\v4.0\V110\Microsoft.CppBuild.targets" from project "B:\Game\Project1\libs\Box2D_v2.3.0\Box2D\Build\vs2012\Box2D.vcxproj" (target "_BuildLinkAction" depends on it):
     1>Done building target "_BscMake" in project "Box2D.vcxproj".
       Target "RunMergeNativeCodeAnalysis" skipped, due to false condition; ('$(Language)'=='C++' and '$(RunCodeAnalysisOnThisProject)'=='true') was evaluated as ('C++'=='C++' and ''=='true').
       Target "RunNativeCodeAnalysis" skipped, due to false condition; ('$(Language)'=='C++' and '$(RunCodeAnalysisOnThisProject)'=='true') was evaluated as ('C++'=='C++' and ''=='true').
     1>Target "_GenerateSatelliteAssemblyInputs" in file "C:\Windows\Microsoft.NET\Framework\v4.0.30319\Microsoft.Common.Targets" from project "B:\Game\Project1\libs\Box2D_v2.3.0\Box2D\Build\vs2012\Box2D.vcxproj" (target "CreateSatelliteAssemblies" depends on it):
       Task "Warning" skipped, due to false condition; ('@(ManifestResourceWithCulture)'!='' and '%(ManifestResourceWithCulture.EmittedForCompatibilityOnly)'=='') was evaluated as (''!='' and ''=='').
       Task "Warning" skipped, due to false condition; ('@(ManifestNonResxWithCultureOnDisk)'!='' and '%(ManifestNonResxWithCultureOnDisk.EmittedForCompatibilityOnly)'=='') was evaluated as (''!='' and ''=='').
     1>Done building target "_GenerateSatelliteAssemblyInputs" in project "Box2D.vcxproj".
       Target "ComputeIntermediateSatelliteAssemblies" skipped, due to false condition; (@(ReferenceSatellitePaths->'%(DestinationSubDirectory)') != '') was evaluated as ( != '').
       Target "GenerateSatelliteAssemblies" skipped, due to false condition; ('@(_SatelliteAssemblyResourceInputs)' != '') was evaluated as ('' != '').
     1>Target "CreateSatelliteAssemblies" in file "C:\Windows\Microsoft.NET\Framework\v4.0.30319\Microsoft.Common.Targets" from project "B:\Game\Project1\libs\Box2D_v2.3.0\Box2D\Build\vs2012\Box2D.vcxproj" (target "_BuildLinkAction" depends on it):
     1>Done building target "CreateSatelliteAssemblies" in project "Box2D.vcxproj".
     1>Target "_Appverifier" in file "C:\Program Files (x86)\MSBuild\Microsoft.Cpp\v4.0\V110\Microsoft.CppBuild.targets" from project "B:\Game\Project1\libs\Box2D_v2.3.0\Box2D\Build\vs2012\Box2D.vcxproj" (target "_BuildLinkAction" depends on it):
     1>Done building target "_Appverifier" in project "Box2D.vcxproj".
     1>Target "_Deploy" in file "C:\Program Files (x86)\MSBuild\Microsoft.Cpp\v4.0\V110\Microsoft.CppBuild.targets" from project "B:\Game\Project1\libs\Box2D_v2.3.0\Box2D\Build\vs2012\Box2D.vcxproj" (target "_BuildLinkAction" depends on it):
     1>Done building target "_Deploy" in project "Box2D.vcxproj".
       Target "ComputeIntermediateSatelliteAssemblies" skipped, due to false condition; (@(ReferenceSatellitePaths->'%(DestinationSubDirectory)') != '') was evaluated as ( != '').
       Target "_CopyFilesMarkedCopyLocal" skipped, due to false condition; ('@(ReferenceCopyLocalPaths)' != '') was evaluated as ('' != '').
     1>Target "AssignTargetPaths" in file "C:\Windows\Microsoft.NET\Framework\v4.0.30319\Microsoft.Common.Targets" from project "B:\Game\Project1\libs\Box2D_v2.3.0\Box2D\Build\vs2012\Box2D.vcxproj" (target "GetCopyToOutputDirectoryItems" depends on it):
       Using "AssignTargetPath" task from assembly "Microsoft.Build.Tasks.v4.0, Version=4.0.0.0, Culture=neutral, PublicKeyToken=b03f5f7f11d50a3a".
       Task "AssignTargetPath"
       Done executing task "AssignTargetPath".
       Task "AssignTargetPath"
       Done executing task "AssignTargetPath".
       Task "AssignTargetPath"
       Done executing task "AssignTargetPath".
       Task "AssignTargetPath"
       Done executing task "AssignTargetPath".
       Task "AssignTargetPath" skipped, due to false condition; ('@(_DeploymentBaseManifestWithTargetPath)'=='' and '%(None.Extension)'=='.manifest') was evaluated as (''=='' and ''=='.manifest').
     1>Done building target "AssignTargetPaths" in project "Box2D.vcxproj".
       Target "_SplitProjectReferencesByFileExistence" skipped. Previously built successfully.
     1>Target "GetCopyToOutputDirectoryXamlAppDefs" in file "C:\Windows\Microsoft.NET\Framework\v4.0.30319\Microsoft.Xaml.targets" from project "B:\Game\Project1\libs\Box2D_v2.3.0\Box2D\Build\vs2012\Box2D.vcxproj" (target "GetCopyToOutputDirectoryItems" depends on it):
       Task "AssignTargetPath"
       Done executing task "AssignTargetPath".
     1>Done building target "GetCopyToOutputDirectoryXamlAppDefs" in project "Box2D.vcxproj".
     1>Target "GetCopyToOutputDirectoryItems" in file "C:\Windows\Microsoft.NET\Framework\v4.0.30319\Microsoft.Common.Targets" from project "B:\Game\Project1\libs\Box2D_v2.3.0\Box2D\Build\vs2012\Box2D.vcxproj" (target "_CopySourceItemsToOutputDirectory" depends on it):
       Task "MSBuild" skipped, due to false condition; ('@(_MSBuildProjectReferenceExistent)' != '' and '$(_GetChildProjectCopyToOutputDirectoryItems)' == 'true' and '%(_MSBuildProjectReferenceExistent.Private)' != 'false' and '$(UseCommonOutputDirectory)' != 'true') was evaluated as ('' != '' and 'true' == 'true' and '' != 'false' and 'false' != 'true').
       Task "AssignTargetPath"
       Done executing task "AssignTargetPath".
     1>Done building target "GetCopyToOutputDirectoryItems" in project "Box2D.vcxproj".
       Target "_CopyOutOfDateSourceItemsToOutputDirectory" skipped, due to false condition; ( '@(_SourceItemsToCopyToOutputDirectory)' != '' ) was evaluated as ( '' != '' ).
       Target "_CopyOutOfDateSourceItemsToOutputDirectoryAlways" skipped, due to false condition; ( '@(_SourceItemsToCopyToOutputDirectoryAlways)' != '' ) was evaluated as ( '' != '' ).
     1>Target "_CopySourceItemsToOutputDirectory" in file "C:\Windows\Microsoft.NET\Framework\v4.0.30319\Microsoft.Common.Targets" from project "B:\Game\Project1\libs\Box2D_v2.3.0\Box2D\Build\vs2012\Box2D.vcxproj" (target "CopyFilesToOutputDirectory" depends on it):
     1>Done building target "_CopySourceItemsToOutputDirectory" in project "Box2D.vcxproj".
       Target "_CopyAppConfigFile" skipped, due to false condition; ( '@(AppConfigWithTargetPath)' != '' ) was evaluated as ( '' != '' ).
       Target "_CopyManifestFiles" skipped, due to false condition; ( '$(_DeploymentCopyApplicationManifest)'=='true' or '$(GenerateClickOnceManifests)'=='true' ) was evaluated as ( ''=='true' or ''=='true' ).
     1>Target "_CheckForCompileOutputs" in file "C:\Windows\Microsoft.NET\Framework\v4.0.30319\Microsoft.Common.Targets" from project "B:\Game\Project1\libs\Box2D_v2.3.0\Box2D\Build\vs2012\Box2D.vcxproj" (target "CopyFilesToOutputDirectory" depends on it):
     1>Done building target "_CheckForCompileOutputs" in project "Box2D.vcxproj".
       Target "_SGenCheckForOutputs" skipped, due to false condition; ('$(_SGenGenerateSerializationAssembliesConfig)' == 'On' or ('@(WebReferenceUrl)'!='' and '$(_SGenGenerateSerializationAssembliesConfig)' == 'Auto')) was evaluated as ('Off' == 'On' or (''!='' and 'Off' == 'Auto')).
     1>Target "CopyFilesToOutputDirectory" in file "C:\Windows\Microsoft.NET\Framework\v4.0.30319\Microsoft.Common.Targets" from project "B:\Game\Project1\libs\Box2D_v2.3.0\Box2D\Build\vs2012\Box2D.vcxproj" (target "PrepareForRun" depends on it):
       Task "Copy" skipped, due to false condition; ('$(CopyBuildOutputToOutputDirectory)' == 'true' and '$(SkipCopyBuildProduct)' != 'true') was evaluated as ('true' == 'true' and 'true' != 'true').
       Task "Message" skipped, due to false condition; ('$(CopyBuildOutputToOutputDirectory)' == 'true' and '$(SkipCopyBuildProduct)'!='true') was evaluated as ('true' == 'true' and 'true'!='true').
       Task "Copy" skipped, due to false condition; ('@(AddModules)' != '') was evaluated as ('' != '').
       Task "Copy" skipped, due to false condition; ('$(_SGenDllCreated)'=='true') was evaluated as ('false'=='true').
       Task "Copy" skipped, due to false condition; ('$(_DebugSymbolsProduced)'=='true' and '$(SkipCopyingSymbolsToOutputDirectory)' != 'true' and '$(CopyOutputSymbolsToOutputDirectory)'=='true') was evaluated as ('false'=='true' and '' != 'true' and 'true'=='true').
       Task "Copy" skipped, due to false condition; ('$(_DocumentationFileProduced)'=='true') was evaluated as ('false'=='true').
       Task "Copy" skipped, due to false condition; ('@(IntermediateSatelliteAssembliesWithTargetPath)' != '') was evaluated as ('' != '').
       Task "Copy" skipped, due to false condition; ('@(ReferenceComWrappersToCopyLocal)' != '' or '@(ResolvedIsolatedComModules)' != '' or '@(_DeploymentLooseManifestFile)' != '' or '@(NativeReferenceFile)' != '' ) was evaluated as ('' != '' or '' != '' or '' != '' or '' != '' ).
       Task "Copy" skipped, due to false condition; ('$(SkipCopyWinMDArtifact)' != 'true' and '@(WinMDExpArtifacts)' != '') was evaluated as ('' != 'true' and '' != '').
       Task "Message" skipped, due to false condition; ('$(SkipCopyWinMDArtifact)' != 'true' and '$(_WindowsMetadataOutputPath)' != '') was evaluated as ('' != 'true' and '' != '').
     1>Done building target "CopyFilesToOutputDirectory" in project "Box2D.vcxproj".
     1>Target "PrepareForRun" in file "C:\Windows\Microsoft.NET\Framework\v4.0.30319\Microsoft.Common.Targets" from project "B:\Game\Project1\libs\Box2D_v2.3.0\Box2D\Build\vs2012\Box2D.vcxproj" (target "_BuildLinkAction" depends on it):
     1>Done building target "PrepareForRun" in project "Box2D.vcxproj".
       Target "CustomBuildStep" skipped, due to false condition; ('@(CustomBuildStep)' != '' and '$(SelectedFiles)'=='') was evaluated as ('' != '' and ''=='').
     1>Target "PostBuildEvent" in file "C:\Program Files (x86)\MSBuild\Microsoft.Cpp\v4.0\V110\Microsoft.CppCommon.targets" from project "B:\Game\Project1\libs\Box2D_v2.3.0\Box2D\Build\vs2012\Box2D.vcxproj" (target "_BuildLinkAction" depends on it):
       Task "Message" skipped, due to false condition; ('%(PostBuildEvent.Message)' != '' and '%(PostBuildEvent.Command)' != '') was evaluated as ('' != '' and '' != '').
       Task "Exec" skipped, due to false condition; ('%(PostBuildEvent.Command)' != '') was evaluated as ('' != '').
     1>Done building target "PostBuildEvent" in project "Box2D.vcxproj".
     1>Target "_BuildLinkAction" in file "C:\Program Files (x86)\MSBuild\Microsoft.Cpp\v4.0\V110\Microsoft.CppBuild.targets" from project "B:\Game\Project1\libs\Box2D_v2.3.0\Box2D\Build\vs2012\Box2D.vcxproj" (target "BuildLink" depends on it):
     1>Done building target "_BuildLinkAction" in project "Box2D.vcxproj".
     1>Target "BuildLink" in file "C:\Windows\Microsoft.NET\Framework\v4.0.30319\Microsoft.Common.Targets" from project "B:\Game\Project1\libs\Box2D_v2.3.0\Box2D\Build\vs2012\Box2D.vcxproj" (target "Build" depends on it):
     1>Done building target "BuildLink" in project "Box2D.vcxproj".
     1>Target "AfterBuild" in file "C:\Program Files (x86)\MSBuild\Microsoft.Cpp\v4.0\V110\Microsoft.BuildSteps.Targets" from project "B:\Game\Project1\libs\Box2D_v2.3.0\Box2D\Build\vs2012\Box2D.vcxproj" (target "Build" depends on it):
     1>Done building target "AfterBuild" in project "Box2D.vcxproj".
     1>Target "FinalizeBuildStatus" in file "C:\Program Files (x86)\MSBuild\Microsoft.Cpp\v4.0\V110\Microsoft.CppBuild.targets" from project "B:\Game\Project1\libs\Box2D_v2.3.0\Box2D\Build\vs2012\Box2D.vcxproj" (target "Build" depends on it):
       Task "Delete"
         Deleting file "obj\x32\Debug\Box2D\Box2D.unsuccessfulbuild".
       Done executing task "Delete".
       Task "Touch"
         Touching "obj\x32\Debug\Box2D\Box2D.lastbuildstate".
       Done executing task "Touch".
     1>Done building target "FinalizeBuildStatus" in project "Box2D.vcxproj".
     1>Target "Build" in file "C:\Program Files (x86)\MSBuild\Microsoft.Cpp\v4.0\V110\Microsoft.BuildSteps.Targets" from project "B:\Game\Project1\libs\Box2D_v2.3.0\Box2D\Build\vs2012\Box2D.vcxproj" (entry point):
     1>Done building target "Build" in project "Box2D.vcxproj".
     1>Done Building Project "B:\Game\Project1\libs\Box2D_v2.3.0\Box2D\Build\vs2012\Box2D.vcxproj" (Build target(s)).

Build succeeded.

Time Elapsed 00:00:12.02
