B:\GAME\PROJECT1\DEBUG\PLAYBUTTON.OBJ
B:\GAME\PROJECT1\DEBUG\CONTACTLISTENER.OBJ
B:\GAME\PROJECT1\DEBUG\ENEMY1.OBJ
B:\GAME\PROJECT1\DEBUG\EXPLOSION.OBJ
B:\GAME\PROJECT1\DEBUG\FLOOR.OBJ
B:\GAME\PROJECT1\DEBUG\GAME.OBJ
B:\GAME\PROJECT1\DEBUG\GAMEINFORMATION.OBJ
B:\GAME\PROJECT1\DEBUG\GAMESTATS.OBJ
B:\GAME\PROJECT1\DEBUG\INIREADER.OBJ
B:\GAME\PROJECT1\DEBUG\MAIN.OBJ
B:\GAME\PROJECT1\DEBUG\MAPLOADER.OBJ
B:\GAME\PROJECT1\DEBUG\MATH.OBJ
B:\GAME\PROJECT1\DEBUG\MENU.OBJ
B:\GAME\PROJECT1\DEBUG\MENUITEM.OBJ
B:\GAME\PROJECT1\DEBUG\OBJECT.OBJ
B:\GAME\PROJECT1\DEBUG\OBJECTMANAGER.OBJ
B:\GAME\PROJECT1\DEBUG\PARTICLESBOMB.OBJ
B:\GAME\PROJECT1\DEBUG\PARTICLESYSTEM.OBJ
B:\GAME\PROJECT1\DEBUG\RENDERER.OBJ
B:\GAME\PROJECT1\DEBUG\SCOREBOARD.OBJ
B:\GAME\PROJECT1\DEBUG\ACTOR.OBJ
B:\GAME\PROJECT1\DEBUG\ANIMATION.OBJ
B:\GAME\PROJECT1\DEBUG\BLOCK.OBJ
B:\GAME\PROJECT1\DEBUG\BLOCK2.OBJ
B:\GAME\PROJECT1\DEBUG\BOMB1.OBJ
B:\GAME\PROJECT1\DEBUG\BOMB2.OBJ
B:\GAME\PROJECT1\DEBUG\BOMBCONTAINER.OBJ
B:\GAME\PROJECT1\DEBUG\CORPSE.OBJ
B:\GAME\PROJECT1\DEBUG\ITEMCRATE.OBJ
B:\GAME\PROJECT1\DEBUG\EXITBUTTON.OBJ
B:\GAME\PROJECT1\DEBUG\ITEMLIFE.OBJ
B:\GAME\PROJECT1\DEBUG\ITEMPOINTS.OBJ
B:\GAME\PROJECT1\DEBUG\KEY.OBJ
B:\GAME\PROJECT1\DEBUG\LADDER.OBJ
B:\GAME\PROJECT1\DEBUG\LOCK.OBJ
B:\GAME\PROJECT1\DEBUG\MESSAGE.OBJ
B:\GAME\PROJECT1\DEBUG\PARTICLESBOMBFIRE.OBJ
B:\GAME\PROJECT1\DEBUG\VC110.PDB
B:\Game\Project1\Debug\Actor.obj
B:\Game\Project1\Debug\Animation.obj
B:\Game\Project1\Debug\block.obj
B:\Game\Project1\Debug\Block2.obj
B:\Game\Project1\Debug\Bomb1.obj
B:\Game\Project1\Debug\Bomb2.obj
B:\Game\Project1\Debug\BombContainer.obj
B:\Game\Project1\Debug\ContactListener.obj
B:\Game\Project1\Debug\Corpse.obj
B:\Game\Project1\Debug\Enemy1.obj
B:\Game\Project1\Debug\ExitButton.obj
B:\Game\Project1\Debug\Explosion.obj
B:\Game\Project1\Debug\Floor.obj
B:\Game\Project1\Debug\Game.obj
B:\Game\Project1\Debug\GameInformation.obj
B:\Game\Project1\Debug\GameStats.obj
B:\Game\Project1\Debug\INIReader.obj
B:\Game\Project1\Debug\ItemCrate.obj
B:\Game\Project1\Debug\ItemLife.obj
B:\Game\Project1\Debug\ItemPoints.obj
B:\Game\Project1\Debug\Key.obj
B:\Game\Project1\Debug\Ladder.obj
B:\Game\Project1\Debug\lock.obj
B:\Game\Project1\Debug\main.obj
B:\Game\Project1\Debug\MapLoader.obj
B:\Game\Project1\Debug\math.obj
B:\Game\Project1\Debug\Menu.obj
B:\Game\Project1\Debug\MenuItem.obj
B:\Game\Project1\Debug\Message.obj
B:\Game\Project1\Debug\object.obj
B:\Game\Project1\Debug\ObjectManager.obj
B:\Game\Project1\Debug\ParticlesBomb.obj
B:\Game\Project1\Debug\ParticlesBombfire.obj
B:\Game\Project1\Debug\ParticleSystem.obj
B:\Game\Project1\Debug\PlayButton.obj
B:\Game\Project1\Debug\renderer.obj
B:\Game\Project1\Debug\ScoreBoard.obj
B:\Game\Project1\Debug\cl.command.1.tlog
B:\Game\Project1\Debug\CL.read.1.tlog
B:\Game\Project1\Debug\CL.write.1.tlog
B:\Game\Project1\Debug\link.command.1.tlog
B:\Game\Project1\Debug\link.read.1.tlog
B:\Game\Project1\Debug\link.write.1.tlog
B:\Game\Project1\Debug\vc110.idb
B:\Game\Project1\Debug\vc110.pdb
